DEBUG:visited:http://www.cs.jhu.edu/~yarowsky/cs466.html
DEBUG:visited:http://www.cs.jhu.edu/~yarowsky/
DEBUG:visited:http://www.cs.jhu.edu/~yarowsky/466.officehours.html
DEBUG:visited:http://www.cs.jhu.edu/~yarowsky/cs466slides/
DEBUG:visited:http://www.cs.jhu.edu/~yarowsky/cs466.pdf
WARNING:bs4.dammit:Some characters could not be decoded, and were replaced with REPLACEMENT CHARACTER.
DEBUG:visited:http://www.cs.jhu.edu/~yarowsky/466.survey.pdf
WARNING:bs4.dammit:Some characters could not be decoded, and were replaced with REPLACEMENT CHARACTER.
DEBUG:visited:http://www.cs.jhu.edu/~yarowsky/601.466.hw1.pdf
WARNING:bs4.dammit:Some characters could not be decoded, and were replaced with REPLACEMENT CHARACTER.
DEBUG:visited:http://www.cs.jhu.edu/~yarowsky/hw1a-py.txt
DEBUG:visited:http://www.cs.jhu.edu/~yarowsky/hw1b-py.txt
DEBUG:visited:http://www.cs.jhu.edu/~yarowsky/601.466.hw2.pdf
WARNING:bs4.dammit:Some characters could not be decoded, and were replaced with REPLACEMENT CHARACTER.
DEBUG:visited:http://www.cs.jhu.edu/~yarowsky/601.466.hw3.pdf
WARNING:bs4.dammit:Some characters could not be decoded, and were replaced with REPLACEMENT CHARACTER.
DEBUG:visited:http://www.cs.jhu.edu/~yarowsky/601.466.hw4.pdf
WARNING:bs4.dammit:Some characters could not be decoded, and were replaced with REPLACEMENT CHARACTER.
DEBUG:visited:http://www.cs.jhu.edu/~yarowsky/601.466.pr.pdf
WARNING:bs4.dammit:Some characters could not be decoded, and were replaced with REPLACEMENT CHARACTER.
DEBUG:visited:http://www.cs.jhu.edu/~yarowsky/perl4.txt
DEBUG:visited:http://www.cs.jhu.edu
DEBUG:visited:http://www.cs.jhu.edu/~yarowsky/sigdat.html
DEBUG:visited:http://www.cs.jhu.edu/~svitlana/workshop.html
DEBUG:visited:http://www.cs.jhu.edu/~yarowsky/pubs.html
DEBUG:visited:http://www.cs.jhu.edu/~yarowsky/cs466.html
DEBUG:visited:http://www.cs.jhu.edu/~yarowsky/cs415.html
DEBUG:visited:http://www.cs.jhu.edu/~yarowsky/cs466slides/4bslides/cs466-lecture-v2.ppt
WARNING:bs4.dammit:Some characters could not be decoded, and were replaced with REPLACEMENT CHARACTER.
DEBUG:visited:http://www.cs.jhu.edu/~yarowsky/cs466slides/4bslides/slides6.ppt
WARNING:bs4.dammit:Some characters could not be decoded, and were replaced with REPLACEMENT CHARACTER.
DEBUG:visited:http://www.cs.jhu.edu/~yarowsky/cs466slides/4bslides/cs466-pat-tree.ppt
WARNING:bs4.dammit:Some characters could not be decoded, and were replaced with REPLACEMENT CHARACTER.
DEBUG:visited:http://www.cs.jhu.edu/~yarowsky/cs466slides/4bslides/cs466-lecture-viii-wsk.ppt
WARNING:bs4.dammit:Some characters could not be decoded, and were replaced with REPLACEMENT CHARACTER.
DEBUG:visited:http://www.cs.jhu.edu/~yarowsky/cs466slides/4bslides/cs466-lecture-viiii-wsk.ppt
WARNING:bs4.dammit:Some characters could not be decoded, and were replaced with REPLACEMENT CHARACTER.
DEBUG:visited:http://www.cs.jhu.edu/~yarowsky/cs466slides/4bslides/cs466-lecture-x-wsk.ppt
WARNING:bs4.dammit:Some characters could not be decoded, and were replaced with REPLACEMENT CHARACTER.
DEBUG:visited:http://www.cs.jhu.edu/~yarowsky/cs466slides/4bslides/cs466-lecture-xiii-wsk.ppt
WARNING:bs4.dammit:Some characters could not be decoded, and were replaced with REPLACEMENT CHARACTER.
DEBUG:visited:http://www.cs.jhu.edu/~yarowsky/cs466slides/4slides/CS466-Lecture-XIVa-rev.ppt
WARNING:bs4.dammit:Some characters could not be decoded, and were replaced with REPLACEMENT CHARACTER.
DEBUG:visited:http://www.cs.jhu.edu/~yarowsky/cs466slides/updated/SVD-Example.pdf
WARNING:bs4.dammit:Some characters could not be decoded, and were replaced with REPLACEMENT CHARACTER.
DEBUG:visited:http://www.cs.jhu.edu/~yarowsky/cs466slides/lexical-ambiguity-lecture.pdf
WARNING:bs4.dammit:Some characters could not be decoded, and were replaced with REPLACEMENT CHARACTER.
DEBUG:visited:http://www.cs.jhu.edu/~yarowsky/cs466slides/wsd.ppt
WARNING:bs4.dammit:Some characters could not be decoded, and were replaced with REPLACEMENT CHARACTER.
DEBUG:visited:http://www.cs.jhu.edu/~yarowsky/cs466slides/updated/EM-NamedEntity.pdf
WARNING:bs4.dammit:Some characters could not be decoded, and were replaced with REPLACEMENT CHARACTER.
DEBUG:visited:http://www.cs.jhu.edu/~yarowsky/cs466slides/updated/InformationVisualization.pdf
WARNING:bs4.dammit:Some characters could not be decoded, and were replaced with REPLACEMENT CHARACTER.
DEBUG:visited:http://www.cs.jhu.edu/~yarowsky/cs466slides/updated/Dotplot.pdf
WARNING:bs4.dammit:Some characters could not be decoded, and were replaced with REPLACEMENT CHARACTER.
DEBUG:visited:http://www.cs.jhu.edu/~yarowsky/cs466slides/4slides/cs466-lecture-xxii-cfs.ppt
WARNING:bs4.dammit:Some characters could not be decoded, and were replaced with REPLACEMENT CHARACTER.
DEBUG:visited:http://www.cs.jhu.edu/~yarowsky/cs466slides/4slides/http.example/basic.example
DEBUG:visited:http://www.cs.jhu.edu/~yarowsky/cs466slides/4slides/http.example/gif.example
DEBUG:visited:http://www.cs.jhu.edu/~yarowsky/cs466slides/4slides/http.example/gif.jpg.spoof
DEBUG:visited:http://www.cs.jhu.edu/~yarowsky/cs466slides/4slides/http.example/postscript.example
DEBUG:visited:http://www.cs.jhu.edu/~yarowsky/cs466slides/4slides/http.example/redirect.example
DEBUG:visited:http://www.cs.jhu.edu/~yarowsky/cs466slides/updated/Harvest-updated.pdf
WARNING:bs4.dammit:Some characters could not be decoded, and were replaced with REPLACEMENT CHARACTER.
DEBUG:visited:http://www.cs.jhu.edu/~yarowsky/cs466slides/4slides/CS466-Lecture-XXIV.ppt
WARNING:bs4.dammit:Some characters could not be decoded, and were replaced with REPLACEMENT CHARACTER.
DEBUG:visited:http://www.cs.jhu.edu/~yarowsky/cs466slides/4slides/Automatic_Relevancy_Feedback.ppt
WARNING:bs4.dammit:Some characters could not be decoded, and were replaced with REPLACEMENT CHARACTER.
DEBUG:visited:http://www.cs.jhu.edu/~yarowsky/cs466slides/4bslides/cs466-lecture-xxv.ppt
WARNING:bs4.dammit:Some characters could not be decoded, and were replaced with REPLACEMENT CHARACTER.
DEBUG:visited:http://www.cs.jhu.edu/~yarowsky/cs466slides/4bslides/lec26.ppt
WARNING:bs4.dammit:Some characters could not be decoded, and were replaced with REPLACEMENT CHARACTER.
DEBUG:visited:http://www.cs.jhu.edu/~yarowsky/cs466slides/4bslides/lec27.ppt
WARNING:bs4.dammit:Some characters could not be decoded, and were replaced with REPLACEMENT CHARACTER.
DEBUG:visited:http://www.cs.jhu.edu/~yarowsky/cs466slides/4bslides/v30.ppt
WARNING:bs4.dammit:Some characters could not be decoded, and were replaced with REPLACEMENT CHARACTER.
DEBUG:visited:http://www.cs.jhu.edu#department-nav
DEBUG:visited:https://www.cs.jhu.edu/
DEBUG:visited:https://www.cs.jhu.edu
DEBUG:visited:https://www.cs.jhu.edu/adminsupport/
DEBUG:visited:https://www.cs.jhu.edu/about/
DEBUG:visited:https://www.cs.jhu.edu/about/contact/
DEBUG:visited:https://www.cs.jhu.edu/about/message-from-the-chair-2/
DEBUG:visited:https://www.cs.jhu.edu/about/employment-opportunities/
DEBUG:visited:https://www.cs.jhu.edu/people
DEBUG:visited:https://www.cs.jhu.edu/faculty
DEBUG:visited:https://www.cs.jhu.edu/people/research-staff/
DEBUG:visited:https://www.cs.jhu.edu/people/cs-affiliates/
DEBUG:visited:https://www.cs.jhu.edu/graduate-studies/phd-students-2/
DEBUG:visited:https://www.cs.jhu.edu/phd-students/
DEBUG:visited:https://www.cs.jhu.edu/graduate-studies/2018-19-phd-graduates/
DEBUG:visited:https://www.cs.jhu.edu/people/phd-graduates/
DEBUG:visited:https://www.cs.jhu.edu/graduate-studies/2016-phd-graduates/
DEBUG:visited:https://www.cs.jhu.edu/people/advisory-board/
DEBUG:visited:https://www.cs.jhu.edu/people/staff/
DEBUG:visited:https://www.cs.jhu.edu/it-staff/
DEBUG:visited:https://www.cs.jhu.edu/research/
DEBUG:visited:https://www.cs.jhu.edu/research/theory-programming-languages/
DEBUG:visited:https://www.cs.jhu.edu/research/systems/
DEBUG:visited:https://www.cs.jhu.edu/research/information-security/
DEBUG:visited:https://www.cs.jhu.edu/research/machine-learning-data-intensive-computing/
DEBUG:visited:https://www.cs.jhu.edu/research/language-speech-processing/
DEBUG:visited:https://www.cs.jhu.edu/research/computational-biology-medicine/
DEBUG:visited:https://www.cs.jhu.edu/research/robotics-vision-graphics/
DEBUG:visited:https://www.cs.jhu.edu/undergraduate-studies/
DEBUG:visited:https://www.cs.jhu.edu/undergraduate-studies/five-reasons-to-study-computer-science-at-hopkins/
DEBUG:visited:https://www.cs.jhu.edu/category/student-profile/
DEBUG:visited:https://www.cs.jhu.edu/undergraduate-studies/program-tracks/
DEBUG:visited:https://www.cs.jhu.edu/undergraduate-studies/academics/
DEBUG:visited:https://www.cs.jhu.edu/undergraduate-studies/academics/ugrad-advising-manual/
DEBUG:visited:https://www.cs.jhu.edu/course-info/
DEBUG:visited:https://www.cs.jhu.edu/academic-integrity-code/
DEBUG:visited:https://www.cs.jhu.edu/undergraduate-studies/research-opportunities-and-internships/
DEBUG:visited:https://www.cs.jhu.edu/undergraduate-studies/ugrad-life/
DEBUG:visited:https://www.cs.jhu.edu/undergraduate-studies/combined-bachelors-masters/
DEBUG:visited:https://www.cs.jhu.edu/masson-fellowship/
DEBUG:visited:https://www.cs.jhu.edu/undergraduate-studies/after-you-graduate/
DEBUG:visited:https://www.cs.jhu.edu/graduate-studies/
DEBUG:visited:https://www.cs.jhu.edu/graduate-studies/masters-program/
DEBUG:visited:https://www.cs.jhu.edu/graduate-studies/phd-program/
DEBUG:visited:https://www.cs.jhu.edu/graduate-studies/phd-requirements/
DEBUG:visited:https://www.cs.jhu.edu/graduate-studies/academic-resources-grad/
DEBUG:visited:https://www.cs.jhu.edu/graduate-studies/graduate-life/
DEBUG:visited:https://www.cs.jhu.edu/graduate-studies/graduate-admissions-information/
DEBUG:visited:https://www.cs.jhu.edu/graduate-studies/graduate-admissions-information/graduate-admissions-faq/
DEBUG:visited:https://www.cs.jhu.edu/news-events/
DEBUG:visited:https://www.cs.jhu.edu/news-events/gerald-m-masson-distinguished-lecture-series/
DEBUG:visited:https://www.cs.jhu.edu/news-events/association-for-computing-machinery-lecture-in-memory-of-nathan-krasnopoler/
DEBUG:visited:https://www.cs.jhu.edu/news-events/pluggedin/
DEBUG:visited:https://www.cs.jhu.edu/cs-newsletter/
DEBUG:visited:https://www.cs.jhu.edu/calendar/
DEBUG:visited:https://www.cs.jhu.edu/mailman/listinfo/sem
DEBUG:visited:https://www.cs.jhu.edu/news-events/news-articles/
DEBUG:visited:https://www.cs.jhu.edu/alumni-giving/
DEBUG:visited:https://www.cs.jhu.edu/it/
DEBUG:visited:https://www.cs.jhu.edu/adminsupport/faculty/
DEBUG:visited:https://www.cs.jhu.edu/adminsupport/graduate-students/
DEBUG:visited:https://www.cs.jhu.edu/adminsupport/undergraduate-students/
DEBUG:visited:https://www.cs.jhu.edu/campus-visit/
DEBUG:visited:https://www.cs.jhu.edu/2019/04/08/system-processing-hopkins-engineers-design-software-to-reduce-page-load-time/#.XKtS3phKhaQ
DEBUG:visited:https://www.cs.jhu.edu/2019/03/26/gopika-ajaykumar-giving-robots-a-new-perspective/#.XJp-kphKhaQ
DEBUG:visited:https://www.cs.jhu.edu/2019/03/08/eisner-acl-fellow/#.XIeuoShKjcs
DEBUG:visited:https://www.cs.jhu.edu/news-events/news-articles
DEBUG:visited:https://www.cs.jhu.edu/2019/04/08/cs-kelly-culotta-receives-2019-rookie-of-the-year-award/
DEBUG:visited:https://www.cs.jhu.edu/2019/04/08/system-processing-hopkins-engineers-design-software-to-reduce-page-load-time/
DEBUG:visited:https://www.cs.jhu.edu/2019/03/26/gopika-ajaykumar-giving-robots-a-new-perspective/
DEBUG:visited:https://www.cs.jhu.edu/2019/03/19/xin-li-receives-nsf-career-award/
DEBUG:visited:https://www.cs.jhu.edu/calendar/action~oneday/exact_date~4-16-2019/
DEBUG:visited:https://www.cs.jhu.edu/events/distinguished-lecturer-avrim-blum-tba/?instance_id=1875792
DEBUG:visited:https://www.cs.jhu.edu/calendar/action~oneday/exact_date~4-18-2019/
DEBUG:visited:https://www.cs.jhu.edu/events/cs-seminar-ke-li-uc-berkeley-nearest-neighbour-search-and-generative-modelling/?instance_id=1875830
DEBUG:visited:http://www.cs.jhu.edu/?plugin=all-in-one-event-calendar&controller=ai1ec_exporter_controller&action=export_events
DEBUG:visited:http://www.cs.jhu.edu/?plugin=all-in-one-event-calendar&controller=ai1ec_exporter_controller&action=export_events&no_html=true
DEBUG:visited:http://www.cs.jhu.edu/?plugin=all-in-one-event-calendar&controller=ai1ec_exporter_controller&action=export_events&xml=true
DEBUG:visited:http://www.cs.jhu.edu#top
DEBUG:visited:http://www.cs.jhu.edu/~yarowsky/join_sigdat.html
DEBUG:visited:http://www.cs.jhu.edu/~yarowsky/sigdat_survey_2010.html
DEBUG:visited:http://www.cs.jhu.edu/~yarowsky/sigdat-committee.html
DEBUG:visited:http://www.cs.jhu.edu/~yarowsky/about-sigdat.html
DEBUG:visited:http://www.cs.jhu.edu/~yarowsky/constitution.html
DEBUG:visited:http://www.cs.jhu.edu/~yarowsky/EMNLP-CoNLL-2012.jpg
WARNING:bs4.dammit:Some characters could not be decoded, and were replaced with REPLACEMENT CHARACTER.
DEBUG:visited:http://www.cs.jhu.edu/~yarowsky/emnlp-2011.jpg
WARNING:bs4.dammit:Some characters could not be decoded, and were replaced with REPLACEMENT CHARACTER.
DEBUG:visited:http://www.cs.jhu.edu/~yarowsky/wvlc6.html
DEBUG:visited:http://www.cs.jhu.edu/ACL2014/CallforPapers.htm
DEBUG:visited:http://www.cs.jhu.edu/~vandurme/
DEBUG:visited:http://www.cs.jhu.edu/~svitlana/
DEBUG:visited:http://www.cs.jhu.edu/~yarowsky/pdfpubs/senseval_chum.ps
DEBUG:visited:http://www.cs.jhu.edu/~yarowsky/pubs/nle00.ps
DEBUG:visited:http://www.cs.jhu.edu/~yarowsky/pubs/ssynth.ps
DEBUG:visited:http://www.cs.jhu.edu/~yarowsky/pubs/kluwerbook.ps
DEBUG:visited:http://www.cs.jhu.edu/~yarowsky/pubs/walkerbook.ps
DEBUG:visited:http://www.cs.jhu.edu/~yarowsky/pdfpubs/hlt2001.pdf
WARNING:bs4.dammit:Some characters could not be decoded, and were replaced with REPLACEMENT CHARACTER.
DEBUG:visited:http://www.cs.jhu.edu/~yarowsky/pdfpubs/acl2000_yar.ps
DEBUG:visited:http://www.cs.jhu.edu/~yarowsky/pdfpubs/acl2000_ng.ps
DEBUG:visited:http://www.cs.jhu.edu/~yarowsky/pubs/sigdat99_routing.ps
DEBUG:visited:http://www.cs.jhu.edu/~yarowsky/pubs/sigdat99_nament.ps
DEBUG:visited:http://www.cs.jhu.edu/~yarowsky/pubs/acl99.ps
DEBUG:visited:http://www.cs.jhu.edu/~yarowsky/pubs/siglex97.ps
DEBUG:visited:http://www.cs.jhu.edu/~yarowsky/acl95.ps
DEBUG:visited:http://www.cs.jhu.edu/~yarowsky/acl94.ps
DEBUG:visited:http://www.cs.jhu.edu/~yarowsky/pubs/coling92.ps
DEBUG:visited:http://www.cs.jhu.edu/~yarowsky/syllabus.415.pdf
WARNING:bs4.dammit:Some characters could not be decoded, and were replaced with REPLACEMENT CHARACTER.
DEBUG:visited:http://www.cs.jhu.edu/~yarowsky/fproj-office-hours.html
DEBUG:visited:http://www.cs.jhu.edu/~yarowsky/601.415.hw1.pdf
WARNING:bs4.dammit:Some characters could not be decoded, and were replaced with REPLACEMENT CHARACTER.
DEBUG:visited:http://www.cs.jhu.edu/~yarowsky/601.415.hw2b.pdf
WARNING:bs4.dammit:Some characters could not be decoded, and were replaced with REPLACEMENT CHARACTER.
DEBUG:visited:http://www.cs.jhu.edu/~yarowsky/601.415.hw3.pdf
WARNING:bs4.dammit:Some characters could not be decoded, and were replaced with REPLACEMENT CHARACTER.
DEBUG:visited:http://www.cs.jhu.edu/~yarowsky/601.415.pr1.pdf
WARNING:bs4.dammit:Some characters could not be decoded, and were replaced with REPLACEMENT CHARACTER.
DEBUG:visited:http://www.cs.jhu.edu/~yarowsky/601.415.pr2.pdf
WARNING:bs4.dammit:Some characters could not be decoded, and were replaced with REPLACEMENT CHARACTER.
DEBUG:visited:http://www.cs.jhu.edu/~yarowsky/601.415.hw4wfigs.pdf
WARNING:bs4.dammit:Some characters could not be decoded, and were replaced with REPLACEMENT CHARACTER.
DEBUG:visited:http://www.cs.jhu.edu/~yarowsky/601.415.hw1asol.pdf
WARNING:bs4.dammit:Some characters could not be decoded, and were replaced with REPLACEMENT CHARACTER.
DEBUG:visited:http://www.cs.jhu.edu/~yarowsky/601.415.hw1bsol.pdf
WARNING:bs4.dammit:Some characters could not be decoded, and were replaced with REPLACEMENT CHARACTER.
DEBUG:visited:http://www.cs.jhu.edu/~yarowsky/601.415.hw2sol.txt
DEBUG:visited:http://www.cs.jhu.edu/~yarowsky/601.415.hw4sol.pdf
WARNING:bs4.dammit:Some characters could not be decoded, and were replaced with REPLACEMENT CHARACTER.
DEBUG:visited:http://www.cs.jhu.edu/~yarowsky/601.415.mid2016.pdf
WARNING:bs4.dammit:Some characters could not be decoded, and were replaced with REPLACEMENT CHARACTER.
DEBUG:visited:http://www.cs.jhu.edu/~yarowsky/601.415.mid2016tables.pdf
WARNING:bs4.dammit:Some characters could not be decoded, and were replaced with REPLACEMENT CHARACTER.
DEBUG:visited:http://www.cs.jhu.edu/~yarowsky/601.415.mid2016sol2.pdf
WARNING:bs4.dammit:Some characters could not be decoded, and were replaced with REPLACEMENT CHARACTER.
DEBUG:visited:http://www.cs.jhu.edu/~yarowsky/601.415.midtables.pdf
WARNING:bs4.dammit:Some characters could not be decoded, and were replaced with REPLACEMENT CHARACTER.
DEBUG:visited:http://www.cs.jhu.edu/~yarowsky/415.on_exam.html
DEBUG:visited:http://www.cs.jhu.edu/~yarowsky/cs415slides/index3.html
DEBUG:visited:http://www.cs.jhu.edu/~yarowsky/601.415.l0.pdf
WARNING:bs4.dammit:Some characters could not be decoded, and were replaced with REPLACEMENT CHARACTER.
DEBUG:visited:http://www.cs.jhu.edu/~yarowsky/mysql-demo.pdf
WARNING:bs4.dammit:Some characters could not be decoded, and were replaced with REPLACEMENT CHARACTER.
DEBUG:visited:http://www.cs.jhu.edu/~yarowsky/comparative.pdf
WARNING:bs4.dammit:Some characters could not be decoded, and were replaced with REPLACEMENT CHARACTER.
DEBUG:visited:http://www.cs.jhu.edu/~yarowsky/600.415.HW3notes.pdf
WARNING:bs4.dammit:Some characters could not be decoded, and were replaced with REPLACEMENT CHARACTER.
DEBUG:visited:http://www.cs.jhu.edu/~yarowsky/plsql.pdf
WARNING:bs4.dammit:Some characters could not be decoded, and were replaced with REPLACEMENT CHARACTER.
DEBUG:visited:http://www.cs.jhu.edu/~yarowsky/DB_HW3/
DEBUG:visited:http://www.cs.jhu.edu/~yarowsky/600.415.stored-procedures/proc_examples.txt
DEBUG:visited:http://www.cs.jhu.edu/~yarowsky/PHP_MySQL_Web.pdf
WARNING:bs4.dammit:Some characters could not be decoded, and were replaced with REPLACEMENT CHARACTER.
DEBUG:visited:http://www.cs.jhu.edu/~yarowsky/PHP_MySQL_StoredProcedures.pdf
WARNING:bs4.dammit:Some characters could not be decoded, and were replaced with REPLACEMENT CHARACTER.
DEBUG:visited:http://www.cs.jhu.edu/~yarowsky/600.415.stored-procedures/MySQL-PHP-and-Perl.pdf
WARNING:bs4.dammit:Some characters could not be decoded, and were replaced with REPLACEMENT CHARACTER.
DEBUG:visited:http://www.cs.jhu.edu/~yarowsky/600.415.stored-procedures/dbase_MySQL.pdf
WARNING:bs4.dammit:Some characters could not be decoded, and were replaced with REPLACEMENT CHARACTER.
DEBUG:visited:http://www.cs.jhu.edu/~yarowsky/600.415.stored-procedures/mysql-storedprocedures.pdf
WARNING:bs4.dammit:Some characters could not be decoded, and were replaced with REPLACEMENT CHARACTER.
DEBUG:visited:http://www.cs.jhu.edu/~yarowsky/600.415.stored-procedures/mysql-views.pdf
WARNING:bs4.dammit:Some characters could not be decoded, and were replaced with REPLACEMENT CHARACTER.
DEBUG:visited:http://www.cs.jhu.edu/~yarowsky/cs415.notes.html
DEBUG:visited:https://www.cs.jhu.edu/#department-nav
DEBUG:visited:https://www.cs.jhu.edu/#top
DEBUG:visited:https://www.cs.jhu.edu#department-nav
DEBUG:visited:https://www.cs.jhu.edu#top
DEBUG:visited:https://www.cs.jhu.edu/adminsupport/#department-nav
DEBUG:visited:https://www.cs.jhu.edu/research-submissions-and-collaborations/
DEBUG:visited:https://www.cs.jhu.edu/ask-cs-purchases-and-orders/
DEBUG:visited:https://www.cs.jhu.edu/adminsupport/ask-cs-travel-and-non-travel-reimbursement/
DEBUG:visited:https://www.cs.jhu.edu/adminsupport/#top
DEBUG:visited:https://www.cs.jhu.edu/about/#department-nav
DEBUG:visited:https://www.cs.jhu.edu/about/#top
DEBUG:visited:https://www.cs.jhu.edu/about/contact/#department-nav
DEBUG:visited:https://www.cs.jhu.edu/about/contact/#top
DEBUG:visited:https://www.cs.jhu.edu/about/message-from-the-chair-2/#department-nav
DEBUG:visited:https://www.cs.jhu.edu/about/message-from-the-chair-2/#top
DEBUG:visited:https://www.cs.jhu.edu/about/employment-opportunities/#department-nav
DEBUG:visited:https://www.cs.jhu.edu/about/employment-opportunities/#accordion-panel-2
DEBUG:visited:https://www.cs.jhu.edu/about/employment-opportunities/#accordion-panel-3
DEBUG:visited:https://www.cs.jhu.edu/about/employment-opportunities/#accordion-panel-4
DEBUG:visited:https://www.cs.jhu.edu/about/employment-opportunities/#accordion-panel-5
DEBUG:visited:https://www.cs.jhu.edu/about/employment-opportunities/#accordion-panel-6
DEBUG:visited:https://www.cs.jhu.edu/about/employment-opportunities/#accordion-panel-7
DEBUG:visited:https://www.cs.jhu.edu/about/employment-opportunities/#accordion-panel-8
DEBUG:visited:https://www.cs.jhu.edu/inhealthpostdoc/
DEBUG:visited:https://www.cs.jhu.edu/about/employment-opportunities/#accordion-panel-9
DEBUG:visited:https://www.cs.jhu.edu/about/employment-opportunities/#accordion-panel-10
DEBUG:visited:https://www.cs.jhu.edu/about/employment-opportunities/#accordion-panel-11
DEBUG:visited:https://www.cs.jhu.edu/about/employment-opportunities/#top
DEBUG:visited:https://www.cs.jhu.edu/people#department-nav
DEBUG:visited:https://www.cs.jhu.edu/advisory-board/
DEBUG:visited:https://www.cs.jhu.edu/people#top
DEBUG:visited:https://www.cs.jhu.edu/faculty#department-nav
DEBUG:visited:https://www.cs.jhu.edu/faculty/haider-ali/
DEBUG:visited:https://www.cs.jhu.edu/faculty/yair-amir/
DEBUG:visited:https://www.cs.jhu.edu/faculty/raman-arora/
DEBUG:visited:https://www.cs.jhu.edu/faculty/vladimir-braverman/
DEBUG:visited:https://www.cs.jhu.edu/research/theory-programming-languages
DEBUG:visited:https://www.cs.jhu.edu/faculty/randal-burns/
DEBUG:visited:https://www.cs.jhu.edu/faculty/yinzhi-cao/
DEBUG:visited:https://www.cs.jhu.edu/faculty/anton-dahbura/
DEBUG:visited:https://www.cs.jhu.edu/faculty/ali-darvish/
DEBUG:visited:https://www.cs.jhu.edu/faculty/michael-dinitz/
DEBUG:visited:https://www.cs.jhu.edu/faculty/mark-dredze/
DEBUG:visited:https://www.cs.jhu.edu/faculty/kevin-duh/
DEBUG:visited:https://www.cs.jhu.edu/faculty/jason-eisner/
DEBUG:visited:https://www.cs.jhu.edu/faculty/soudeh-ghorbani/
DEBUG:visited:https://www.cs.jhu.edu/faculty/matthew-d-green/
DEBUG:visited:https://www.cs.jhu.edu/faculty/gregory-hager/
DEBUG:visited:https://www.cs.jhu.edu/faculty/susan-hohenberger/
DEBUG:visited:https://www.cs.jhu.edu/research/information-security
DEBUG:visited:https://www.cs.jhu.edu/faculty/chien-ming-huang/
DEBUG:visited:https://www.cs.jhu.edu/faculty/ryan-peng-huang/
DEBUG:visited:https://www.cs.jhu.edu/faculty/abhishek-jain/
DEBUG:visited:https://www.cs.jhu.edu/faculty/xin-jin/
DEBUG:visited:https://www.cs.jhu.edu/faculty/peter-kazanzides/
DEBUG:visited:https://www.cs.jhu.edu/faculty/michael-misha-kazhdan/
DEBUG:visited:https://www.cs.jhu.edu/faculty/philipp-koehn/
DEBUG:visited:https://www.cs.jhu.edu/faculty/s-rao-kosaraju/
DEBUG:visited:https://www.cs.jhu.edu/faculty/ben-langmead/
DEBUG:visited:https://www.cs.jhu.edu/faculty/simon-leonard/
DEBUG:visited:https://www.cs.jhu.edu/faculty/xin-li/
DEBUG:visited:https://www.cs.jhu.edu/faculty/sara-more/
DEBUG:visited:https://www.cs.jhu.edu/faculty/nassir-navab/
DEBUG:visited:https://www.cs.jhu.edu/faculty/aviel-rubin/
DEBUG:visited:https://www.cs.jhu.edu/faculty/steven-salzberg/
DEBUG:visited:https://www.cs.jhu.edu/faculty/suchi-saria/
DEBUG:visited:https://www.cs.jhu.edu/faculty/michael-schatz/
DEBUG:visited:https://www.cs.jhu.edu/faculty/joanne-selinski/
DEBUG:visited:https://www.cs.jhu.edu/faculty/wei-shen/
DEBUG:visited:https://www.cs.jhu.edu/faculty/ilya-shpitser-3/
DEBUG:visited:https://www.cs.jhu.edu/faculty/scott-smith/
DEBUG:visited:https://www.cs.jhu.edu/faculty/alex-szalay/
DEBUG:visited:https://www.cs.jhu.edu/faculty/russell-h-taylor/
DEBUG:visited:https://www.cs.jhu.edu/faculty/mathias-unberath/
DEBUG:visited:https://www.cs.jhu.edu/faculty/benjamin-van-durme/
DEBUG:visited:https://www.cs.jhu.edu/faculty/david-yarowsky/
DEBUG:visited:https://www.cs.jhu.edu/faculty/alan-yuille/
DEBUG:visited:https://www.cs.jhu.edu/faculty#top
DEBUG:visited:https://www.cs.jhu.edu/people/research-staff/#department-nav
DEBUG:visited:https://www.cs.jhu.edu/people/research-staff/#top
DEBUG:visited:https://www.cs.jhu.edu/people/cs-affiliates/#department-nav
DEBUG:visited:https://www.cs.jhu.edu/~akinyelj/
DEBUG:visited:https://www.cs.jhu.edu/~basu/BasuWebPage
DEBUG:visited:https://www.cs.jhu.edu/~ccb/
DEBUG:visited:https://www.cs.jhu.edu/~mayfield
DEBUG:visited:https://www.cs.jhu.edu/~cpiatko
DEBUG:visited:https://www.cs.jhu.edu/~ijwang/
DEBUG:visited:https://www.cs.jhu.edu/people/cs-affiliates/#top
DEBUG:visited:https://www.cs.jhu.edu/graduate-studies/phd-students-2/#department-nav
DEBUG:visited:https://www.cs.jhu.edu/graduate-studies/phd-students-2/#top
DEBUG:visited:https://www.cs.jhu.edu/phd-students/#department-nav
DEBUG:visited:https://www.cs.jhu.edu/~gopika/
DEBUG:visited:https://www.cs.jhu.edu/~yigonghu/
DEBUG:visited:https://www.cs.jhu.edu/~huda/
DEBUG:visited:https://www.cs.jhu.edu/~cxliu/
DEBUG:visited:https://www.cs.jhu.edu/~chlou/about
DEBUG:visited:https://www.cs.jhu.edu/~hmei/
DEBUG:visited:https://www.cs.jhu.edu/~r3831/
DEBUG:visited:https://www.cs.jhu.edu/~syqiao/
DEBUG:visited:https://www.cs.jhu.edu/~wdd/
DEBUG:visited:https://www.cs.jhu.edu/~hxu/
DEBUG:visited:https://www.cs.jhu.edu/~s.zhang/
DEBUG:visited:https://www.cs.jhu.edu/~zzy/
DEBUG:visited:https://www.cs.jhu.edu/phd-students/#top
DEBUG:visited:https://www.cs.jhu.edu/graduate-studies/2018-19-phd-graduates/#department-nav
DEBUG:visited:https://www.cs.jhu.edu/~fpradan1/publications/
DEBUG:visited:https://www.cs.jhu.edu/~purnima
DEBUG:visited:https://www.cs.jhu.edu/graduate-studies/2018-19-phd-graduates/#top
DEBUG:visited:https://www.cs.jhu.edu/people/phd-graduates/#department-nav
DEBUG:visited:https://www.cs.jhu.edu/~vparekh5/
DEBUG:visited:https://www.cs.jhu.edu/~napoles/
DEBUG:visited:https://www.cs.jhu.edu/~cli53/
DEBUG:visited:https://www.cs.jhu.edu/~ayushis/
DEBUG:visited:https://www.cs.jhu.edu/~roe
DEBUG:visited:https://www.cs.jhu.edu/~juri/
DEBUG:visited:https://www.cs.jhu.edu/~ferraro/
DEBUG:visited:https://www.cs.jhu.edu/~cgarman/
DEBUG:visited:https://www.cs.jhu.edu/~npeng/
DEBUG:visited:https://www.cs.jhu.edu/~travis/
DEBUG:visited:https://www.cs.jhu.edu/~imiers/
DEBUG:visited:https://www.cs.jhu.edu/people/phd-graduates/#top
DEBUG:visited:https://www.cs.jhu.edu/graduate-studies/2016-phd-graduates/#department-nav
DEBUG:visited:https://www.cs.jhu.edu/graduate-studies/2016-phd-graduates/#top
DEBUG:visited:https://www.cs.jhu.edu/people/advisory-board/#department-nav
DEBUG:visited:https://www.cs.jhu.edu/people/advisory-board/#top
DEBUG:visited:https://www.cs.jhu.edu/people/staff/#department-nav
DEBUG:visited:https://www.cs.jhu.edu/wp-content/uploads/sites/8/2013/09/TKM.jpg
WARNING:bs4.dammit:Some characters could not be decoded, and were replaced with REPLACEMENT CHARACTER.
DEBUG:visited:https://www.cs.jhu.edu/wp-content/uploads/sites/8/2013/09/SP.jpg
WARNING:bs4.dammit:Some characters could not be decoded, and were replaced with REPLACEMENT CHARACTER.
DEBUG:visited:https://www.cs.jhu.edu/wp-content/uploads/sites/8/2013/09/JT.jpg
WARNING:bs4.dammit:Some characters could not be decoded, and were replaced with REPLACEMENT CHARACTER.
DEBUG:visited:https://www.cs.jhu.edu/people/staff/#top
DEBUG:visited:https://www.cs.jhu.edu/it-staff/#department-nav
DEBUG:visited:https://www.cs.jhu.edu/wp-content/uploads/sites/8/2013/09/Rifkin.jpg
WARNING:bs4.dammit:Some characters could not be decoded, and were replaced with REPLACEMENT CHARACTER.
DEBUG:visited:https://www.cs.jhu.edu/wp-content/uploads/sites/8/2013/09/Phil-Headshot.jpg
WARNING:bs4.dammit:Some characters could not be decoded, and were replaced with REPLACEMENT CHARACTER.
DEBUG:visited:https://www.cs.jhu.edu/wp-content/uploads/sites/8/2013/09/Chris-Headshot.jpg
WARNING:bs4.dammit:Some characters could not be decoded, and were replaced with REPLACEMENT CHARACTER.
DEBUG:visited:https://www.cs.jhu.edu/it-staff/#top
DEBUG:visited:https://www.cs.jhu.edu/research/#department-nav
DEBUG:visited:https://www.cs.jhu.edu/research/#top
DEBUG:visited:https://www.cs.jhu.edu/research/theory-programming-languages/#department-nav
DEBUG:visited:https://www.cs.jhu.edu/wp-content/uploads/sites/8/2013/09/software-development.jpg
WARNING:bs4.dammit:Some characters could not be decoded, and were replaced with REPLACEMENT CHARACTER.
DEBUG:visited:https://www.cs.jhu.edu/~mdinitz/theory/
DEBUG:visited:https://www.cs.jhu.edu/~vova/
DEBUG:visited:https://www.cs.jhu.edu/~mdinitz/
DEBUG:visited:https://www.cs.jhu.edu/~kosaraju/
DEBUG:visited:https://www.cs.jhu.edu/~lixints/
DEBUG:visited:https://www.cs.jhu.edu/~scott/
DEBUG:visited:https://www.cs.jhu.edu/research/theory-programming-languages/#top
DEBUG:visited:https://www.cs.jhu.edu/research/systems/#department-nav
DEBUG:visited:https://www.cs.jhu.edu/wp-content/uploads/sites/8/2013/09/Systems.jpg
WARNING:bs4.dammit:Some characters could not be decoded, and were replaced with REPLACEMENT CHARACTER.
DEBUG:visited:https://www.cs.jhu.edu/research/systems/#top
DEBUG:visited:https://www.cs.jhu.edu/research/information-security/#department-nav
DEBUG:visited:https://www.cs.jhu.edu/wp-content/uploads/sites/8/2013/09/iStock_Cybersecurity.jpg
WARNING:bs4.dammit:Some characters could not be decoded, and were replaced with REPLACEMENT CHARACTER.
DEBUG:visited:https://www.cs.jhu.edu/~abhishek/
DEBUG:visited:https://www.cs.jhu.edu/~susan/
DEBUG:visited:https://www.cs.jhu.edu/research/information-security/#top
DEBUG:visited:https://www.cs.jhu.edu/research/machine-learning-data-intensive-computing/#department-nav
DEBUG:visited:https://www.cs.jhu.edu/wp-content/uploads/sites/8/2013/09/Machine-Learning-Data-Intensive-Computing.jpg
WARNING:bs4.dammit:Some characters could not be decoded, and were replaced with REPLACEMENT CHARACTER.
DEBUG:visited:https://www.cs.jhu.edu/~yanif/
DEBUG:visited:https://www.cs.jhu.edu/~jason/
DEBUG:visited:https://www.cs.jhu.edu/~mdredze/
DEBUG:visited:https://www.cs.jhu.edu/research/machine-learning-data-intensive-computing/#top
DEBUG:visited:https://www.cs.jhu.edu/research/language-speech-processing/#department-nav
DEBUG:visited:https://www.cs.jhu.edu/wp-content/uploads/sites/8/2013/09/speech-language-processing.jpg
WARNING:bs4.dammit:Some characters could not be decoded, and were replaced with REPLACEMENT CHARACTER.
DEBUG:visited:https://www.cs.jhu.edu/~phi/
DEBUG:visited:https://www.cs.jhu.edu/research/language-speech-processing/#top
DEBUG:visited:https://www.cs.jhu.edu/research/computational-biology-medicine/#department-nav
DEBUG:visited:https://www.cs.jhu.edu/wp-content/uploads/sites/8/2013/09/dna-sequencing-langmead.jpg
WARNING:bs4.dammit:Some characters could not be decoded, and were replaced with REPLACEMENT CHARACTER.
DEBUG:visited:https://www.cs.jhu.edu/~langmea/index.shtml
DEBUG:visited:https://www.cs.jhu.edu/research/computational-biology-medicine/#top
DEBUG:visited:https://www.cs.jhu.edu/research/robotics-vision-graphics/#department-nav
DEBUG:visited:https://www.cs.jhu.edu/wp-content/uploads/sites/8/2013/09/robotics.jpg
WARNING:bs4.dammit:Some characters could not be decoded, and were replaced with REPLACEMENT CHARACTER.
DEBUG:visited:https://www.cs.jhu.edu/~graphics/
DEBUG:visited:https://www.cs.jhu.edu/~hager/
DEBUG:visited:https://www.cs.jhu.edu/~cmhuang/
DEBUG:visited:https://www.cs.jhu.edu/~misha/
DEBUG:visited:https://www.cs.jhu.edu/~rht/
DEBUG:visited:https://www.cs.jhu.edu/~areiter/
DEBUG:visited:https://www.cs.jhu.edu/research/robotics-vision-graphics/#top
DEBUG:visited:https://www.cs.jhu.edu/undergraduate-studies/#department-nav
DEBUG:visited:https://www.cs.jhu.edu/undergraduate-studies/#top
DEBUG:visited:https://www.cs.jhu.edu/undergraduate-studies/five-reasons-to-study-computer-science-at-hopkins/#department-nav
DEBUG:visited:https://www.cs.jhu.edu/undergraduate-studies/five-reasons-to-study-computer-science-at-hopkins/#accordion-panel-2
DEBUG:visited:https://www.cs.jhu.edu/undergraduate-studies/five-reasons-to-study-computer-science-at-hopkins/#accordion-panel-3
DEBUG:visited:https://www.cs.jhu.edu/undergraduate-studies/five-reasons-to-study-computer-science-at-hopkins/#accordion-panel-4
DEBUG:visited:https://www.cs.jhu.edu/undergraduate-studies/five-reasons-to-study-computer-science-at-hopkins/#accordion-panel-5
DEBUG:visited:https://www.cs.jhu.edu/undergraduate-studies/five-reasons-to-study-computer-science-at-hopkins/#accordion-panel-6
DEBUG:visited:https://www.cs.jhu.edu/undergraduate-studies/five-reasons-to-study-computer-science-at-hopkins/#top
DEBUG:visited:https://www.cs.jhu.edu/category/student-profile/#department-nav
DEBUG:visited:https://www.cs.jhu.edu/2013/09/12/martin-kelly-12/
DEBUG:visited:https://www.cs.jhu.edu/2013/09/12/robert-doverspike-mse-10/
DEBUG:visited:https://www.cs.jhu.edu/2013/09/09/maddie-stone-13/
DEBUG:visited:https://www.cs.jhu.edu/2013/09/09/matthew-ziegelbaum-09-mse-10/
DEBUG:visited:https://www.cs.jhu.edu/category/student-profile/#top
DEBUG:visited:https://www.cs.jhu.edu/undergraduate-studies/program-tracks/#department-nav
DEBUG:visited:https://www.cs.jhu.edu/current-undergraduate/FocusAreas.pdf
WARNING:bs4.dammit:Some characters could not be decoded, and were replaced with REPLACEMENT CHARACTER.
DEBUG:visited:https://www.cs.jhu.edu/undergraduate-studies/academics/cs-minor/
DEBUG:visited:https://www.cs.jhu.edu/undergraduate-studies/program-tracks/#accordion-panel-2
DEBUG:visited:https://www.cs.jhu.edu/undergraduate-studies/program-tracks/#accordion-panel-3
DEBUG:visited:https://www.cs.jhu.edu/undergraduate-studies/program-tracks/#top
DEBUG:visited:https://www.cs.jhu.edu/undergraduate-studies/academics/#department-nav
DEBUG:visited:https://www.cs.jhu.edu/undergraduate-studies/degree-requirements-information/academic-program-faqs/
DEBUG:visited:https://www.cs.jhu.edu/undergraduate-studies/academics/cs-other-courses/
DEBUG:visited:https://www.cs.jhu.edu/undergraduate-studies/academics/science-requirements/
DEBUG:visited:https://www.cs.jhu.edu/undergraduate-studies/student-resources/senior-honors-thesis-program/
DEBUG:visited:https://www.cs.jhu.edu/academic-integrity-code
DEBUG:visited:https://www.cs.jhu.edu/current-undergraduate/majorWorksheet.xlsx
WARNING:bs4.dammit:Some characters could not be decoded, and were replaced with REPLACEMENT CHARACTER.
DEBUG:visited:https://www.cs.jhu.edu/current-undergraduate/BSsample.pdf
WARNING:bs4.dammit:Some characters could not be decoded, and were replaced with REPLACEMENT CHARACTER.
DEBUG:visited:https://www.cs.jhu.edu/current-undergraduate/minorWorksheet.xls
WARNING:bs4.dammit:Some characters could not be decoded, and were replaced with REPLACEMENT CHARACTER.
DEBUG:visited:https://www.cs.jhu.edu/current-undergraduate/Exception%20Form.pdf
WARNING:bs4.dammit:Some characters could not be decoded, and were replaced with REPLACEMENT CHARACTER.
DEBUG:visited:https://www.cs.jhu.edu/current-undergraduate/majorWorksheet2015.xls
WARNING:bs4.dammit:Some characters could not be decoded, and were replaced with REPLACEMENT CHARACTER.
DEBUG:visited:https://www.cs.jhu.edu/undergraduate-studies/academics/#top
DEBUG:visited:https://www.cs.jhu.edu/undergraduate-studies/academics/ugrad-advising-manual/#department-nav
DEBUG:visited:https://www.cs.jhu.edu/undergraduate-studies/academics/ugrad-advising-manual/#accordion-panel-2
DEBUG:visited:https://www.cs.jhu.edu/undergraduate-studies/academics/ugrad-advising-manual/#accordion-panel-3
DEBUG:visited:https://www.cs.jhu.edu/undergraduate-studies/academics/ugrad-advising-manual/#accordion-panel-4
DEBUG:visited:https://www.cs.jhu.edu/undergraduate-studies/academics/ugrad-advising-manual/#accordion-panel-5
DEBUG:visited:https://www.cs.jhu.edu/undergraduate-studies/academics/ugrad-advising-manual/#accordion-panel-6
DEBUG:visited:https://www.cs.jhu.edu/undergraduate-studies/academics/ugrad-advising-manual/#accordion-panel-7
DEBUG:visited:https://www.cs.jhu.edu/undergraduate-studies/academics/ugrad-advising-manual/#accordion-panel-8
DEBUG:visited:https://www.cs.jhu.edu/mailman/listinfo/csjobs
DEBUG:visited:https://www.cs.jhu.edu/undergraduate-studies/academics/ugrad-advising-manual/#accordion-panel-9
DEBUG:visited:https://www.cs.jhu.edu/undergraduate-studies/academics/ugrad-advising-manual/#accordion-panel-10
DEBUG:visited:https://www.cs.jhu.edu/undergraduate-studies/academics/ugrad-advising-manual/#accordion-panel-11
DEBUG:visited:https://www.cs.jhu.edu/undergraduate-studies/academics/ugrad-advising-manual/#accordion-panel-12
DEBUG:visited:https://www.cs.jhu.edu/undergraduate-studies/academics/ugrad-advising-manual/#top
DEBUG:visited:https://www.cs.jhu.edu/course-info/#department-nav
DEBUG:visited:https://www.cs.jhu.edu/fall19
DEBUG:visited:https://www.cs.jhu.edu/fall19/fall19.pdf
WARNING:bs4.dammit:Some characters could not be decoded, and were replaced with REPLACEMENT CHARACTER.
DEBUG:visited:https://www.cs.jhu.edu/spring19/index.html
DEBUG:visited:https://www.cs.jhu.edu/spring19/spring19.pdf
WARNING:bs4.dammit:Some characters could not be decoded, and were replaced with REPLACEMENT CHARACTER.
DEBUG:visited:https://www.cs.jhu.edu/fall18
DEBUG:visited:https://www.cs.jhu.edu/course-info/#accordion-panel-2
DEBUG:visited:https://www.cs.jhu.edu/undergraduate-studies/degree-requirements-information/academic-integrity-code/
DEBUG:visited:https://www.cs.jhu.edu/course-info/#accordion-panel-3
DEBUG:visited:https://www.cs.jhu.edu/course-info/#accordion-panel-4
DEBUG:visited:https://www.cs.jhu.edu/courses/cacontract.pdf
WARNING:bs4.dammit:Some characters could not be decoded, and were replaced with REPLACEMENT CHARACTER.
DEBUG:visited:https://www.cs.jhu.edu/course-info/#accordion-panel-5
DEBUG:visited:https://www.cs.jhu.edu/spring18
DEBUG:visited:https://www.cs.jhu.edu/fall17
DEBUG:visited:https://www.cs.jhu.edu/spring17
DEBUG:visited:https://www.cs.jhu.edu/fall16
DEBUG:visited:https://www.cs.jhu.edu/spring16
DEBUG:visited:https://www.cs.jhu.edu/fall15
DEBUG:visited:https://www.cs.jhu.edu/spring15
DEBUG:visited:https://www.cs.jhu.edu/fall14
DEBUG:visited:https://www.cs.jhu.edu/spring14
DEBUG:visited:https://www.cs.jhu.edu/fall13
DEBUG:visited:https://www.cs.jhu.edu/course-info/#top
DEBUG:visited:https://www.cs.jhu.edu/academic-integrity-code/#department-nav
DEBUG:visited:https://www.cs.jhu.edu/wp-content/uploads/sites/8/2013/09/integrity-code.jpg
WARNING:bs4.dammit:Some characters could not be decoded, and were replaced with REPLACEMENT CHARACTER.
DEBUG:visited:https://www.cs.jhu.edu/academic-integrity-code/#top
DEBUG:visited:https://www.cs.jhu.edu/undergraduate-studies/research-opportunities-and-internships/#department-nav
DEBUG:visited:https://www.cs.jhu.edu/undergraduate-studies/research-opportunities-and-internships/#tbs_nav_item_0
DEBUG:visited:https://www.cs.jhu.edu/undergraduate-studies/research-opportunities-and-internships/#tbs_nav_item_1
DEBUG:visited:https://www.cs.jhu.edu/faculty/
DEBUG:visited:https://www.cs.jhu.edu/sre/
DEBUG:visited:https://www.cs.jhu.edu/undergraduate-studies/undergraduate-student-resrouces/senior-honors-thesis-program/
DEBUG:visited:https://www.cs.jhu.edu/undergraduate-studies/research-opportunities-and-internships/#top
DEBUG:visited:https://www.cs.jhu.edu/undergraduate-studies/ugrad-life/#department-nav
DEBUG:visited:https://www.cs.jhu.edu/wp-content/uploads/sites/8/2013/09/undergraduate-lab.jpg
WARNING:bs4.dammit:Some characters could not be decoded, and were replaced with REPLACEMENT CHARACTER.
DEBUG:visited:https://www.cs.jhu.edu/wp-content/uploads/sites/8/2013/09/JHU-ACM.jpg
WARNING:bs4.dammit:Some characters could not be decoded, and were replaced with REPLACEMENT CHARACTER.
DEBUG:visited:https://www.cs.jhu.edu/undergraduate-studies/undergraduate-student-groups/wics/
DEBUG:visited:https://www.cs.jhu.edu/undergraduate-studies/ugrad-life/#top
DEBUG:visited:https://www.cs.jhu.edu/undergraduate-studies/combined-bachelors-masters/#department-nav
DEBUG:visited:https://www.cs.jhu.edu/undergraduate-studies/combined-bachelors-masters/#top
DEBUG:visited:https://www.cs.jhu.edu/masson-fellowship/#department-nav
DEBUG:visited:https://www.cs.jhu.edu/masson-fellowship/#top
DEBUG:visited:https://www.cs.jhu.edu/undergraduate-studies/after-you-graduate/#department-nav
DEBUG:visited:https://www.cs.jhu.edu/undergraduate-studies/after-you-graduate/#accordion-panel-2
DEBUG:visited:https://www.cs.jhu.edu/undergraduate-studies/after-you-graduate/#accordion-panel-3
DEBUG:visited:https://www.cs.jhu.edu/undergraduate-studies/after-you-graduate/#top
DEBUG:visited:https://www.cs.jhu.edu/graduate-studies/#department-nav
DEBUG:visited:https://www.cs.jhu.edu/wp-content/uploads/sites/8/2013/08/graduate-studies.jpg
WARNING:bs4.dammit:Some characters could not be decoded, and were replaced with REPLACEMENT CHARACTER.
DEBUG:visited:https://www.cs.jhu.edu/graduate-studies/masters-program
DEBUG:visited:https://www.cs.jhu.edu/graduate-studies/#top
DEBUG:visited:https://www.cs.jhu.edu/graduate-studies/masters-program/#department-nav
DEBUG:visited:https://www.cs.jhu.edu/2013/01/01/michael-paul-microsoft-research-fellowship/
DEBUG:visited:https://www.cs.jhu.edu/graduate-studies/masters-program/#top
DEBUG:visited:https://www.cs.jhu.edu/graduate-studies/phd-program/#department-nav
DEBUG:visited:https://www.cs.jhu.edu/graduate-studies/phd-program/#top
DEBUG:visited:https://www.cs.jhu.edu/graduate-studies/phd-requirements/#department-nav
DEBUG:visited:https://www.cs.jhu.edu/graduate-studies/phd-requirements/#top
DEBUG:visited:https://www.cs.jhu.edu/graduate-studies/academic-resources-grad/#department-nav
DEBUG:visited:https://www.cs.jhu.edu/graduate-studies/academic-resources-grad/#accordion-panel-2
DEBUG:visited:https://www.cs.jhu.edu/grad-procedures-and-forms/Course%20Change%20Form%20-%20fillable.pdf
WARNING:bs4.dammit:Some characters could not be decoded, and were replaced with REPLACEMENT CHARACTER.
DEBUG:visited:https://www.cs.jhu.edu/grad-procedures-and-forms/Scheduling%20your%20GBO.html
DEBUG:visited:https://www.cs.jhu.edu/graduate-studies/academic-resources-grad/#accordion-panel-3
DEBUG:visited:https://www.cs.jhu.edu/graduate-studies/academic-resources-grad/#accordion-panel-4
DEBUG:visited:https://www.cs.jhu.edu/grad-procedures-and-forms/MSE%20Computer%20Science%20Advising%20blank%20worksheet.docx
WARNING:bs4.dammit:Some characters could not be decoded, and were replaced with REPLACEMENT CHARACTER.
DEBUG:visited:https://www.cs.jhu.edu/grad-procedures-and-forms/MSE%20Cert%20Notes.doc
WARNING:bs4.dammit:Some characters could not be decoded, and were replaced with REPLACEMENT CHARACTER.
DEBUG:visited:https://www.cs.jhu.edu/grad-procedures-and-forms/Qualifying%20Project%20Form.pdf
WARNING:bs4.dammit:Some characters could not be decoded, and were replaced with REPLACEMENT CHARACTER.
DEBUG:visited:https://www.cs.jhu.edu/graduate-studies/academic-resources-grad/#accordion-panel-5
DEBUG:visited:https://www.cs.jhu.edu/wp-content/uploads/sites/8/2018/07/PhD-Course-Requirements-Worksheet.pdf
WARNING:bs4.dammit:Some characters could not be decoded, and were replaced with REPLACEMENT CHARACTER.
DEBUG:visited:https://www.cs.jhu.edu/wp-content/uploads/sites/8/2018/07/GPA-Calculation-Guide.pdf
WARNING:bs4.dammit:Some characters could not be decoded, and were replaced with REPLACEMENT CHARACTER.
DEBUG:visited:https://www.cs.jhu.edu/wp-content/uploads/sites/8/2018/07/Qualifying-Project-Agreement-Form.pdf
WARNING:bs4.dammit:Some characters could not be decoded, and were replaced with REPLACEMENT CHARACTER.
DEBUG:visited:https://www.cs.jhu.edu/wp-content/uploads/sites/8/2018/07/Qualifying-Project-Coversheet.pdf
WARNING:bs4.dammit:Some characters could not be decoded, and were replaced with REPLACEMENT CHARACTER.
DEBUG:visited:https://www.cs.jhu.edu/graduate-studies/academic-resources-grad/#top
DEBUG:visited:https://www.cs.jhu.edu/graduate-studies/graduate-life/#department-nav
DEBUG:visited:https://www.cs.jhu.edu/graduate-studies/graduate-life/#accordion-panel-2
DEBUG:visited:https://www.cs.jhu.edu/graduate-studies/graduate-life/#accordion-panel-3
DEBUG:visited:https://www.cs.jhu.edu/graduate-studies/graduate-life/#accordion-panel-4
DEBUG:visited:https://www.cs.jhu.edu/graduate-studies/graduate-life/#accordion-panel-5
DEBUG:visited:https://www.cs.jhu.edu/graduate-studies/graduate-life/#top
DEBUG:visited:https://www.cs.jhu.edu/graduate-studies/graduate-admissions-information/#department-nav
DEBUG:visited:https://www.cs.jhu.edu/graduate-studies/graduate-admissions-information/#accordion-panel-2
DEBUG:visited:https://www.cs.jhu.edu/graduate-studies/graduate-admissions-information/#accordion-panel-3
DEBUG:visited:https://www.cs.jhu.edu/graduate-studies/graduate-admissions-information/#accordion-panel-4
DEBUG:visited:https://www.cs.jhu.edu/graduate-studies/graduate-admissions-information/#top
DEBUG:visited:https://www.cs.jhu.edu/graduate-studies/graduate-admissions-information/graduate-admissions-faq/#department-nav
DEBUG:visited:https://www.cs.jhu.edu/graduate-studies/graduate-admissions-information/graduate-admissions-faq/#accordion-panel-2
DEBUG:visited:https://www.cs.jhu.edu/graduate-studies/graduate-admissions-information/graduate-admissions-faq/#accordion-panel-3
DEBUG:visited:https://www.cs.jhu.edu/graduate-studies/graduate-admissions-information/graduate-admissions-faq/#accordion-panel-4
DEBUG:visited:https://www.cs.jhu.edu/graduate-studies/graduate-admissions-information/graduate-admissions-faq/#accordion-panel-5
DEBUG:visited:https://www.cs.jhu.edu/graduate-studies/graduate-admissions-information/graduate-admissions-faq/#accordion-panel-6
DEBUG:visited:https://www.cs.jhu.edu/graduate-studies/graduate-admissions-information/graduate-admissions-faq/#accordion-panel-7
DEBUG:visited:https://www.cs.jhu.edu/graduate-studies/graduate-admissions-information/graduate-admissions-faq/#accordion-panel-9
DEBUG:visited:https://www.cs.jhu.edu/graduate-studies/graduate-admissions-information/graduate-admissions-faq/#accordion-panel-10
DEBUG:visited:https://www.cs.jhu.edu/graduate-studies/graduate-admissions-information/graduate-admissions-faq/#accordion-panel-11
DEBUG:visited:https://www.cs.jhu.edu/graduate-studies/graduate-admissions-information/graduate-admissions-faq/#accordion-panel-12
DEBUG:visited:https://www.cs.jhu.edu/graduate-studies/graduate-admissions-information/graduate-admissions-faq/#accordion-panel-13
DEBUG:visited:https://www.cs.jhu.edu/graduate-studies/graduate-admissions-information/graduate-admissions-faq/#accordion-panel-14
DEBUG:visited:https://www.cs.jhu.edu/graduate-studies/graduate-admissions-information/graduate-admissions-faq/#accordion-panel-16
DEBUG:visited:https://www.cs.jhu.edu/graduate-studies/graduate-admissions-information/graduate-admissions-faq/#accordion-panel-17
DEBUG:visited:https://www.cs.jhu.edu/graduate-studies/graduate-admissions-information/graduate-admissions-faq/#accordion-panel-18
DEBUG:visited:https://www.cs.jhu.edu/graduate-studies/graduate-admissions-information/graduate-admissions-faq/#accordion-panel-19
DEBUG:visited:https://www.cs.jhu.edu/graduate-studies/graduate-admissions-information/graduate-admissions-faq/#accordion-panel-20
DEBUG:visited:https://www.cs.jhu.edu/graduate-studies/graduate-admissions-information/graduate-admissions-faq/#accordion-panel-21
DEBUG:visited:https://www.cs.jhu.edu/graduate-studies/graduate-admissions-information/graduate-admissions-faq/#accordion-panel-22
DEBUG:visited:https://www.cs.jhu.edu/graduate-studies/graduate-admissions-information/graduate-admissions-faq/#accordion-panel-23
DEBUG:visited:https://www.cs.jhu.edu/graduate-studies/graduate-admissions-information/graduate-admissions-faq/#accordion-panel-25
DEBUG:visited:https://www.cs.jhu.edu/graduate-studies/graduate-admissions-information/graduate-admissions-faq/#accordion-panel-26
DEBUG:visited:https://www.cs.jhu.edu/graduate-studies/graduate-admissions-information/graduate-admissions-faq/#accordion-panel-27
DEBUG:visited:https://www.cs.jhu.edu/graduate-studies/graduate-admissions-information/graduate-admissions-faq/#accordion-panel-28
DEBUG:visited:https://www.cs.jhu.edu/graduate-studies/graduate-admissions-information/graduate-admissions-faq/#accordion-panel-29
DEBUG:visited:https://www.cs.jhu.edu/graduate-studies/graduate-admissions-information/graduate-admissions-faq/#accordion-panel-30
DEBUG:visited:https://www.cs.jhu.edu/graduate-studies/graduate-admissions-information/graduate-admissions-faq/#accordion-panel-32
DEBUG:visited:https://www.cs.jhu.edu/graduate-studies/graduate-admissions-information/graduate-admissions-faq/#accordion-panel-33
DEBUG:visited:https://www.cs.jhu.edu/graduate-studies/graduate-admissions-information/graduate-admissions-faq/#accordion-panel-34
DEBUG:visited:https://www.cs.jhu.edu/graduate-studies/graduate-admissions-information/graduate-admissions-faq/#accordion-panel-36
DEBUG:visited:https://www.cs.jhu.edu/graduate-studies/graduate-admissions-information/graduate-admissions-faq/#accordion-panel-37
DEBUG:visited:https://www.cs.jhu.edu/graduate-studies/graduate-admissions-information/graduate-admissions-faq/#accordion-panel-38
DEBUG:visited:https://www.cs.jhu.edu/graduate-studies/graduate-admissions-information/graduate-admissions-faq/#accordion-panel-39
DEBUG:visited:https://www.cs.jhu.edu/graduate-studies/graduate-admissions-information/graduate-admissions-faq/#top
DEBUG:visited:https://www.cs.jhu.edu/news-events/#department-nav
DEBUG:visited:https://www.cs.jhu.edu/videos/
DEBUG:visited:https://www.cs.jhu.edu/videos/brody-learning-commons-visualization-wall-at-johns-hopkins-university/
DEBUG:visited:https://www.cs.jhu.edu/videos/using-twitter-to-track-the-flu/
DEBUG:visited:https://www.cs.jhu.edu/news-events/#top
DEBUG:visited:https://www.cs.jhu.edu/news-events/gerald-m-masson-distinguished-lecture-series/#department-nav
DEBUG:visited:https://www.cs.jhu.edu/30years/lecture-series/
DEBUG:visited:https://www.cs.jhu.edu/wp-content/uploads/sites/8/2018/09/2018-19-Lecture-Series-Talks-FINAL.pdf
WARNING:bs4.dammit:Some characters could not be decoded, and were replaced with REPLACEMENT CHARACTER.
DEBUG:visited:https://www.cs.jhu.edu/news-events/gerald-m-masson-distinguished-lecture-series/#accordion-panel-3
DEBUG:visited:https://www.cs.jhu.edu/news-events/gerald-m-masson-distinguished-lecture-series/#accordion-panel-4
DEBUG:visited:https://www.cs.jhu.edu/events/susan-davidson-tbd/?instance_id=1872787#.WvnwGkxFwaQ
DEBUG:visited:https://www.cs.jhu.edu/wp-content/uploads/sites/8/2018/05/2017-18-Lecture-Series_Davidson091917.pdf
WARNING:bs4.dammit:Some characters could not be decoded, and were replaced with REPLACEMENT CHARACTER.
DEBUG:visited:https://www.cs.jhu.edu/events/distinguished-lecturer-shafi-goldwasser-mit-pseudo-deterministic-algorithms-and-proofs/#.WvnvT0xFwaQ
DEBUG:visited:https://www.cs.jhu.edu/wp-content/uploads/sites/8/2018/05/2017-18-Lecture-Series_Goldwasser100617.pdf
WARNING:bs4.dammit:Some characters could not be decoded, and were replaced with REPLACEMENT CHARACTER.
DEBUG:visited:https://www.cs.jhu.edu/events/distinguished-lecturer-ian-foster-university-of-chicago-tbd/?instance_id=1872807#.Wvnuj0xFwaQ
DEBUG:visited:https://www.cs.jhu.edu/wp-content/uploads/sites/8/2018/05/2017-18-Lecture-Series_Foster-101717final.pdf
WARNING:bs4.dammit:Some characters could not be decoded, and were replaced with REPLACEMENT CHARACTER.
DEBUG:visited:https://www.cs.jhu.edu/events/distinguished-lecturer-manuela-veloso-carnegie-mellon-university-human-ai-interaction-symbiotic-autonomy-learning-and-transparency-in-service-robots/?instance_id=1872926#.Wvnv2UxFwaQ
DEBUG:visited:https://www.cs.jhu.edu/wp-content/uploads/sites/8/2018/02/2017-18-Lecture-Series_Veloso021918.jpg
WARNING:bs4.dammit:Some characters could not be decoded, and were replaced with REPLACEMENT CHARACTER.
DEBUG:visited:https://www.cs.jhu.edu/events/distinguished-lecturer-jeff-dean-google-the-deep-learning-revolution-in-building-intelligent-computer-systems/?instance_id=1872862#.WvnvIUxFwaQ
DEBUG:visited:https://www.cs.jhu.edu/wp-content/uploads/sites/8/2018/05/2017-18-Lecture-Series_Dean032218.pdf
WARNING:bs4.dammit:Some characters could not be decoded, and were replaced with REPLACEMENT CHARACTER.
DEBUG:visited:https://www.cs.jhu.edu/news-events/gerald-m-masson-distinguished-lecture-series/#accordion-panel-5
DEBUG:visited:https://www.cs.jhu.edu/events/distinguished-lecturer-mark-d-hill-university-of-wisconsin-madison-computer-architecture-1975-2025/?instance_id=1872650#.Wvnyk0xFwaQ
DEBUG:visited:https://www.cs.jhu.edu/30years/wp-content/uploads/2016/10/Hill-Poster-FINAL122416.pdf
WARNING:bs4.dammit:Some characters could not be decoded, and were replaced with REPLACEMENT CHARACTER.
DEBUG:visited:https://www.cs.jhu.edu/events/distinguished-lecturer-jim-kurose-national-science-foundation-an-expanding-and-expansive-view-of-computing/?instance_id=1872651#.WvnyVkxFwaQ
DEBUG:visited:https://www.cs.jhu.edu/30years/wp-content/uploads/2016/10/Kurose-Poster102116.pdf
WARNING:bs4.dammit:Some characters could not be decoded, and were replaced with REPLACEMENT CHARACTER.
DEBUG:visited:https://www.cs.jhu.edu/cssemvids/player.php?v=20161123-Kurose
DEBUG:visited:https://www.cs.jhu.edu/events/distinguished-lecturer-ben-shneiderman-university-of-maryland-interactive-visual-discovery-in-event-analytics-electronic-health-records-and-other-applications/?instance_id=1872688#.WvnyAExFwaQ
DEBUG:visited:https://www.cs.jhu.edu/30years/wp-content/uploads/2016/10/computer-sci-Shneiderman.pdf
WARNING:bs4.dammit:Some characters could not be decoded, and were replaced with REPLACEMENT CHARACTER.
DEBUG:visited:https://www.cs.jhu.edu/events/distinguished-lecturer-ruzena-bajcsy-university-of-california-berkeley-development-of-kinematic-and-dynamic-models-for-individual-using-system-estimation-and-identification-techniques-2/?instance_id=1872727#.WvnxpUxFwaQ
DEBUG:visited:https://www.cs.jhu.edu/wp-content/uploads/sites/8/2018/05/updated-lecture-poster_rb.pdf
WARNING:bs4.dammit:Some characters could not be decoded, and were replaced with REPLACEMENT CHARACTER.
DEBUG:visited:https://www.cs.jhu.edu/news-events/gerald-m-masson-distinguished-lecture-series/#top
DEBUG:visited:https://www.cs.jhu.edu/news-events/association-for-computing-machinery-lecture-in-memory-of-nathan-krasnopoler/#department-nav
DEBUG:visited:https://www.cs.jhu.edu/wp-content/uploads/sites/8/2018/09/WSE-Krasnopoler-lecture-program-FINAL092018.pdf
WARNING:bs4.dammit:Some characters could not be decoded, and were replaced with REPLACEMENT CHARACTER.
DEBUG:visited:https://www.cs.jhu.edu/cssemvids/player.php?v=20180927-Aaronson
DEBUG:visited:https://www.cs.jhu.edu/wp-content/uploads/sites/8/2018/09/WSE-Krasnopoler-lecture-program-FINAL050217_SAM.pdf
WARNING:bs4.dammit:Some characters could not be decoded, and were replaced with REPLACEMENT CHARACTER.
DEBUG:visited:https://www.cs.jhu.edu/cssemvids/player.php?v=20170508-Watson
DEBUG:visited:https://www.cs.jhu.edu/wp-content/uploads/sites/8/2018/09/wse-krashopoler-program-2016.pdf
WARNING:bs4.dammit:Some characters could not be decoded, and were replaced with REPLACEMENT CHARACTER.
DEBUG:visited:https://www.cs.jhu.edu/news-events/association-for-computing-machinery-lecture-in-memory-of-nathan-krasnopoler/#top
DEBUG:visited:https://www.cs.jhu.edu/news-events/pluggedin/#department-nav
DEBUG:visited:https://www.cs.jhu.edu/news-events/pluggedin/#top
DEBUG:visited:https://www.cs.jhu.edu/cs-newsletter/#department-nav
DEBUG:visited:https://www.cs.jhu.edu/cs-newsletter/#top
DEBUG:visited:https://www.cs.jhu.edu/calendar/#department-nav
DEBUG:visited:https://www.cs.jhu.edu/calendar/action~agenda/request_format~json/cat_ids~54/
DEBUG:visited:https://www.cs.jhu.edu/calendar/action~agenda/request_format~json/cat_ids~55/
DEBUG:visited:https://www.cs.jhu.edu/calendar/action~agenda/request_format~json/cat_ids~56/
DEBUG:visited:https://www.cs.jhu.edu/calendar/action~agenda/request_format~json/cat_ids~82/
DEBUG:visited:https://www.cs.jhu.edu/calendar/action~agenda/request_format~json/cat_ids~93/
DEBUG:visited:https://www.cs.jhu.edu/calendar/action~agenda/request_format~json/
DEBUG:visited:https://www.cs.jhu.edu/calendar/action~oneday/request_format~json/
DEBUG:visited:https://www.cs.jhu.edu/calendar/action~month/request_format~json/
DEBUG:visited:https://www.cs.jhu.edu/calendar/action~week/request_format~json/
DEBUG:visited:https://www.cs.jhu.edu/calendar/action~agenda/page_offset~-1/request_format~json/
DEBUG:visited:https://www.cs.jhu.edu/calendar/action~agenda/page_offset~1/request_format~json/
DEBUG:visited:https://www.cs.jhu.edu/calendar/cat_ids~54/
DEBUG:visited:https://www.cs.jhu.edu/calendar/#top
DEBUG:visited:https://www.cs.jhu.edu/mailman/private/sem/
DEBUG:visited:https://www.cs.jhu.edu/mailman/admin/sem
DEBUG:visited:https://www.cs.jhu.edu/mailman/listinfo
DEBUG:visited:https://www.cs.jhu.edu/news-events/news-articles/#department-nav
DEBUG:visited:https://www.cs.jhu.edu/2019/03/12/usnwr-2020-grad-rankings/
DEBUG:visited:https://www.cs.jhu.edu/2019/03/08/eisner-acl-fellow/
DEBUG:visited:https://www.cs.jhu.edu/2019/03/06/cs-matt-green-receives-100000-google-security-and-privacy-research-award/
DEBUG:visited:https://www.cs.jhu.edu/2019/02/25/hopkins-engineers-win-first-prize-at-biannual-hackathon/
DEBUG:visited:https://www.cs.jhu.edu/news-events/news-articles/page/2
DEBUG:visited:https://www.cs.jhu.edu/news-events/news-articles/page/3
DEBUG:visited:https://www.cs.jhu.edu/news-events/news-articles/page/4
DEBUG:visited:https://www.cs.jhu.edu/news-events/news-articles/page/5
DEBUG:visited:https://www.cs.jhu.edu/news-events/news-articles/page/6
DEBUG:visited:https://www.cs.jhu.edu/news-events/news-articles/page/7
DEBUG:visited:https://www.cs.jhu.edu/news-events/news-articles/page/45
DEBUG:visited:https://www.cs.jhu.edu/news-events/news-articles/#top
DEBUG:visited:https://www.cs.jhu.edu/alumni-giving/#department-nav
DEBUG:visited:https://www.cs.jhu.edu/alumni-giving/#top
DEBUG:visited:https://www.cs.jhu.edu/it/#department-nav
DEBUG:visited:https://www.cs.jhu.edu/people/it-staff
DEBUG:visited:https://www.cs.jhu.edu/it/#top
DEBUG:visited:https://www.cs.jhu.edu/adminsupport/faculty/#department-nav
DEBUG:visited:https://www.cs.jhu.edu/adminsupport/faculty/#accordion-panel-2
DEBUG:visited:https://www.cs.jhu.edu/adminsupport/faculty/#tbs_nav_item_2
DEBUG:visited:https://www.cs.jhu.edu/adminsupport/faculty/#tbs_nav_item_3
DEBUG:visited:https://www.cs.jhu.edu/adminsupport/faculty/#tbs_nav_item_4
DEBUG:visited:https://www.cs.jhu.edu/adminsupport/faculty/#tbs_nav_item_5
DEBUG:visited:https://www.cs.jhu.edu/adminsupport/faculty/#accordion-panel-7
DEBUG:visited:https://www.cs.jhu.edu/adminsupport/faculty/#accordion-panel-8
DEBUG:visited:https://www.cs.jhu.edu/adminsupport/faculty/#tbs_nav_item_8
DEBUG:visited:https://www.cs.jhu.edu/adminsupport/faculty/#tbs_nav_item_9
DEBUG:visited:https://www.cs.jhu.edu/adminsupport/faculty/#tbs_nav_item_10
DEBUG:visited:https://www.cs.jhu.edu/adminsupport/faculty/#tbs_nav_item_11
DEBUG:visited:https://www.cs.jhu.edu/adminsupport/faculty/#accordion-panel-13
DEBUG:visited:https://www.cs.jhu.edu/wp-content/uploads/sites/8/2016/01/160119-Submission-Matrix.pdf
WARNING:bs4.dammit:Some characters could not be decoded, and were replaced with REPLACEMENT CHARACTER.
DEBUG:visited:https://www.cs.jhu.edu/wp-content/uploads/sites/8/2016/01/Proposal-Notification-Routing-Form.pdf
WARNING:bs4.dammit:Some characters could not be decoded, and were replaced with REPLACEMENT CHARACTER.
DEBUG:visited:https://www.cs.jhu.edu/wp-content/uploads/sites/8/2015/10/011916-Submission-Notification-for-Analyst_FINAL.pdf
WARNING:bs4.dammit:Some characters could not be decoded, and were replaced with REPLACEMENT CHARACTER.
DEBUG:visited:https://www.cs.jhu.edu/adminsupport/faculty/#accordion-panel-14
DEBUG:visited:https://www.cs.jhu.edu/adminsupport/faculty/#tbs_nav_item_14
DEBUG:visited:https://www.cs.jhu.edu/adminsupport/faculty/#tbs_nav_item_15
DEBUG:visited:https://www.cs.jhu.edu/adminsupport/faculty/#tbs_nav_item_16
DEBUG:visited:https://www.cs.jhu.edu/adminsupport/faculty/#tbs_nav_item_17
DEBUG:visited:https://www.cs.jhu.edu/adminsupport/faculty/#tbs_nav_item_18
DEBUG:visited:https://www.cs.jhu.edu/adminsupport/faculty/#accordion-panel-20
DEBUG:visited:https://www.cs.jhu.edu/adminsupport/faculty/#tbs_nav_item_20
DEBUG:visited:https://www.cs.jhu.edu/adminsupport/faculty/#tbs_nav_item_21
DEBUG:visited:https://www.cs.jhu.edu/adminsupport/faculty/#tbs_nav_item_22
DEBUG:visited:https://www.cs.jhu.edu/adminsupport/faculty/#tbs_nav_item_23
DEBUG:visited:https://www.cs.jhu.edu/wp-content/uploads/sites/8/2015/10/Travel-Reimbursement-Form.pdf
WARNING:bs4.dammit:Some characters could not be decoded, and were replaced with REPLACEMENT CHARACTER.
DEBUG:visited:https://www.cs.jhu.edu/wp-content/uploads/sites/8/2015/10/Non-Travel-Reimbursement-Form.pdf
WARNING:bs4.dammit:Some characters could not be decoded, and were replaced with REPLACEMENT CHARACTER.
DEBUG:visited:https://www.cs.jhu.edu/adminsupport/faculty/#accordion-panel-25
DEBUG:visited:https://www.cs.jhu.edu/adminsupport/faculty/#tbs_nav_item_25
DEBUG:visited:https://www.cs.jhu.edu/adminsupport/faculty/#tbs_nav_item_26
DEBUG:visited:https://www.cs.jhu.edu/adminsupport/faculty/#tbs_nav_item_27
DEBUG:visited:https://www.cs.jhu.edu/adminsupport/faculty/#tbs_nav_item_28
DEBUG:visited:https://www.cs.jhu.edu/adminsupport/faculty/#tbs_nav_item_29
DEBUG:visited:https://www.cs.jhu.edu/adminsupport/faculty/#tbs_nav_item_30
DEBUG:visited:https://www.cs.jhu.edu/adminsupport/faculty/#tbs_nav_item_31
DEBUG:visited:https://www.cs.jhu.edu/adminsupport/faculty/#tbs_nav_item_32
DEBUG:visited:https://www.cs.jhu.edu/adminsupport/faculty/#accordion-panel-34
DEBUG:visited:https://www.cs.jhu.edu/adminsupport/faculty/#accordion-panel-35
DEBUG:visited:https://www.cs.jhu.edu/adminsupport/faculty/#tbs_nav_item_35
DEBUG:visited:https://www.cs.jhu.edu/adminsupport/faculty/#tbs_nav_item_36
DEBUG:visited:https://www.cs.jhu.edu/adminsupport/faculty/#tbs_nav_item_37
DEBUG:visited:https://www.cs.jhu.edu/adminsupport/faculty/#tbs_nav_item_38
DEBUG:visited:https://www.cs.jhu.edu/wp-content/uploads/sites/8/2016/11/TimeSheet-fillable.pdf
WARNING:bs4.dammit:Some characters could not be decoded, and were replaced with REPLACEMENT CHARACTER.
DEBUG:visited:https://www.cs.jhu.edu/adminsupport/faculty/#accordion-panel-40
DEBUG:visited:https://www.cs.jhu.edu/adminsupport/faculty/#tbs_nav_item_40
DEBUG:visited:https://www.cs.jhu.edu/adminsupport/faculty/#tbs_nav_item_41
DEBUG:visited:https://www.cs.jhu.edu/adminsupport/faculty/#tbs_nav_item_42
DEBUG:visited:https://www.cs.jhu.edu/adminsupport/faculty/#tbs_nav_item_43
DEBUG:visited:https://www.cs.jhu.edu/adminsupport/faculty/#accordion-panel-45
DEBUG:visited:https://www.cs.jhu.edu/adminsupport/faculty/#tbs_nav_item_45
DEBUG:visited:https://www.cs.jhu.edu/adminsupport/faculty/#tbs_nav_item_46
DEBUG:visited:https://www.cs.jhu.edu/adminsupport/faculty/#tbs_nav_item_47
DEBUG:visited:https://www.cs.jhu.edu/adminsupport/faculty/#tbs_nav_item_48
DEBUG:visited:https://www.cs.jhu.edu/adminsupport/faculty/#accordion-panel-50
DEBUG:visited:https://www.cs.jhu.edu/adminsupport/faculty/#tbs_nav_item_50
DEBUG:visited:https://www.cs.jhu.edu/wp-content/uploads/sites/8/2015/10/Faculty-Committees-final_sp.pdf
WARNING:bs4.dammit:Some characters could not be decoded, and were replaced with REPLACEMENT CHARACTER.
DEBUG:visited:https://www.cs.jhu.edu/adminsupport/faculty/#top
DEBUG:visited:https://www.cs.jhu.edu/adminsupport/graduate-students/#department-nav
DEBUG:visited:https://www.cs.jhu.edu/adminsupport/graduate-students/#accordion-panel-2
DEBUG:visited:https://www.cs.jhu.edu/adminsupport/graduate-students/#tbs_nav_item_2
DEBUG:visited:https://www.cs.jhu.edu/adminsupport/graduate-students/#tbs_nav_item_3
DEBUG:visited:https://www.cs.jhu.edu/adminsupport/graduate-students/#tbs_nav_item_4
DEBUG:visited:https://www.cs.jhu.edu/adminsupport/graduate-students/#tbs_nav_item_5
DEBUG:visited:https://www.cs.jhu.edu/adminsupport/graduate-students/#accordion-panel-7
DEBUG:visited:https://www.cs.jhu.edu/adminsupport/graduate-students/#tbs_nav_item_7
DEBUG:visited:https://www.cs.jhu.edu/adminsupport/graduate-students/#tbs_nav_item_8
DEBUG:visited:https://www.cs.jhu.edu/adminsupport/graduate-students/#accordion-panel-10
DEBUG:visited:https://www.cs.jhu.edu/adminsupport/graduate-students/#tbs_nav_item_10
DEBUG:visited:https://www.cs.jhu.edu/adminsupport/graduate-students/#tbs_nav_item_11
DEBUG:visited:https://www.cs.jhu.edu/adminsupport/graduate-students/#accordion-panel-13
DEBUG:visited:https://www.cs.jhu.edu/adminsupport/graduate-students/#accordion-panel-14
DEBUG:visited:https://www.cs.jhu.edu/adminsupport/graduate-students/#tbs_nav_item_14
DEBUG:visited:https://www.cs.jhu.edu/adminsupport/graduate-students/#tbs_nav_item_15
DEBUG:visited:https://www.cs.jhu.edu/adminsupport/graduate-students/#accordion-panel-17
DEBUG:visited:https://www.cs.jhu.edu/adminsupport/graduate-students/#tbs_nav_item_17
DEBUG:visited:https://www.cs.jhu.edu/adminsupport/graduate-students/#tbs_nav_item_18
DEBUG:visited:https://www.cs.jhu.edu/adminsupport/graduate-students/#tbs_nav_item_19
DEBUG:visited:https://www.cs.jhu.edu/adminsupport/graduate-students/#accordion-panel-21
DEBUG:visited:https://www.cs.jhu.edu/adminsupport/graduate-students/#tbs_nav_item_21
DEBUG:visited:https://www.cs.jhu.edu/adminsupport/graduate-students/#tbs_nav_item_22
DEBUG:visited:https://www.cs.jhu.edu/adminsupport/graduate-students/#tbs_nav_item_23
DEBUG:visited:https://www.cs.jhu.edu/adminsupport/graduate-students/#tbs_nav_item_24
DEBUG:visited:https://www.cs.jhu.edu/adminsupport/graduate-students/#accordion-panel-26
DEBUG:visited:https://www.cs.jhu.edu/adminsupport/graduate-students/#tbs_nav_item_26
DEBUG:visited:https://www.cs.jhu.edu/adminsupport/graduate-students/#tbs_nav_item_27
DEBUG:visited:https://www.cs.jhu.edu/adminsupport/graduate-students/#tbs_nav_item_28
DEBUG:visited:https://www.cs.jhu.edu/adminsupport/graduate-students/#tbs_nav_item_29
DEBUG:visited:https://www.cs.jhu.edu/adminsupport/graduate-students/#tbs_nav_item_30
DEBUG:visited:https://www.cs.jhu.edu/adminsupport/graduate-students/#accordion-panel-32
DEBUG:visited:https://www.cs.jhu.edu/adminsupport/graduate-students/#tbs_nav_item_32
DEBUG:visited:https://www.cs.jhu.edu/adminsupport/graduate-students/#tbs_nav_item_33
DEBUG:visited:https://www.cs.jhu.edu/adminsupport/graduate-students/#tbs_nav_item_34
DEBUG:visited:https://www.cs.jhu.edu/adminsupport/graduate-students/#tbs_nav_item_35
DEBUG:visited:https://www.cs.jhu.edu/adminsupport/graduate-students/#tbs_nav_item_36
DEBUG:visited:https://www.cs.jhu.edu/wp-content/uploads/sites/8/2015/10/Student-Employee-Timesheet-2015FINAL.pdf
WARNING:bs4.dammit:Some characters could not be decoded, and were replaced with REPLACEMENT CHARACTER.
DEBUG:visited:https://www.cs.jhu.edu/adminsupport/graduate-students/#accordion-panel-38
DEBUG:visited:https://www.cs.jhu.edu/adminsupport/graduate-students/#tbs_nav_item_38
DEBUG:visited:https://www.cs.jhu.edu/adminsupport/graduate-students/#tbs_nav_item_39
DEBUG:visited:https://www.cs.jhu.edu/adminsupport/graduate-students/#tbs_nav_item_40
DEBUG:visited:https://www.cs.jhu.edu/adminsupport/graduate-students/#tbs_nav_item_41
DEBUG:visited:https://www.cs.jhu.edu/adminsupport/graduate-students/#tbs_nav_item_42
DEBUG:visited:https://www.cs.jhu.edu/adminsupport/graduate-students/#accordion-panel-44
DEBUG:visited:https://www.cs.jhu.edu/adminsupport/graduate-students/#tbs_nav_item_44
DEBUG:visited:https://www.cs.jhu.edu/adminsupport/graduate-students/#tbs_nav_item_45
DEBUG:visited:https://www.cs.jhu.edu/2016/07/13/71216-pokemon-go-offers-fix-for-users-privacy-concerns-css-avi-rubin-wbff-fox-45-tv/
DEBUG:visited:https://www.cs.jhu.edu/2017/06/05/pacmakers-vulnerabilities-hackers-exploit/
DEBUG:visited:https://www.cs.jhu.edu/2016/06/13/61316-johns-hopkins-team-hacks-crashes-hobby-drones-expose-security-flaws-jhuisis-lanier-watkins-forbes/
DEBUG:visited:https://www.cs.jhu.edu/adminsupport/graduate-students/#top
DEBUG:visited:https://www.cs.jhu.edu/adminsupport/undergraduate-students/#department-nav
DEBUG:visited:https://www.cs.jhu.edu/adminsupport/undergraduate-students/#accordion-panel-2
DEBUG:visited:https://www.cs.jhu.edu/adminsupport/undergraduate-students/#tbs_nav_item_2
DEBUG:visited:https://www.cs.jhu.edu/adminsupport/undergraduate-students/#tbs_nav_item_3
DEBUG:visited:https://www.cs.jhu.edu/adminsupport/undergraduate-students/#tbs_nav_item_4
DEBUG:visited:https://www.cs.jhu.edu/adminsupport/undergraduate-students/#accordion-panel-6
DEBUG:visited:https://www.cs.jhu.edu/adminsupport/undergraduate-students/#tbs_nav_item_6
DEBUG:visited:https://www.cs.jhu.edu/adminsupport/undergraduate-students/#tbs_nav_item_7
DEBUG:visited:https://www.cs.jhu.edu/adminsupport/undergraduate-students/#tbs_nav_item_8
DEBUG:visited:https://www.cs.jhu.edu/adminsupport/undergraduate-students/#accordion-panel-10
DEBUG:visited:https://www.cs.jhu.edu/adminsupport/undergraduate-students/#tbs_nav_item_10
DEBUG:visited:https://www.cs.jhu.edu/adminsupport/undergraduate-students/#tbs_nav_item_11
DEBUG:visited:https://www.cs.jhu.edu/adminsupport/undergraduate-students/#tbs_nav_item_12
DEBUG:visited:https://www.cs.jhu.edu/adminsupport/undergraduate-students/#accordion-panel-14
DEBUG:visited:https://www.cs.jhu.edu/adminsupport/undergraduate-students/#tbs_nav_item_14
DEBUG:visited:https://www.cs.jhu.edu/adminsupport/undergraduate-students/#tbs_nav_item_15
DEBUG:visited:https://www.cs.jhu.edu/adminsupport/undergraduate-students/#tbs_nav_item_16
DEBUG:visited:https://www.cs.jhu.edu/adminsupport/undergraduate-students/#accordion-panel-18
DEBUG:visited:https://www.cs.jhu.edu/adminsupport/undergraduate-students/#accordion-panel-19
DEBUG:visited:https://www.cs.jhu.edu/adminsupport/undergraduate-students/#accordion-panel-20
DEBUG:visited:https://www.cs.jhu.edu/adminsupport/undergraduate-students/#accordion-panel-21
DEBUG:visited:https://www.cs.jhu.edu/adminsupport/undergraduate-students/#accordion-panel-22
DEBUG:visited:https://www.cs.jhu.edu/2015/04/02/4215-online-poker-deal-me-in-css-avi-rubin-the-baltimore-sun/
DEBUG:visited:https://www.cs.jhu.edu/2016/12/09/openvpn-security-matthew-green-jhu/
DEBUG:visited:https://www.cs.jhu.edu/2016/06/14/is-technology-improving-your-health-the-washington-post-examines-the-question-live-june-14/
DEBUG:visited:https://www.cs.jhu.edu/adminsupport/undergraduate-students/#top
DEBUG:visited:https://www.cs.jhu.edu/campus-visit/#department-nav
DEBUG:visited:https://www.cs.jhu.edu/campus-visit/#accordion-panel-2
DEBUG:visited:https://www.cs.jhu.edu/campus-visit/#tbs_nav_item_2
DEBUG:visited:https://www.cs.jhu.edu/campus-visit/#tbs_nav_item_3
DEBUG:visited:https://www.cs.jhu.edu/campus-visit/#tbs_nav_item_4
DEBUG:visited:https://www.cs.jhu.edu/campus-visit/#tbs_nav_item_5
DEBUG:visited:https://www.cs.jhu.edu/campus-visit/#tbs_nav_item_6
DEBUG:visited:https://www.cs.jhu.edu/campus-visit/#top
DEBUG:visited:https://www.cs.jhu.edu/2019/04/08/system-processing-hopkins-engineers-design-software-to-reduce-page-load-time/#department-nav
DEBUG:visited:https://www.cs.jhu.edu/category/department-news/
DEBUG:visited:https://www.cs.jhu.edu/2019/04/08/system-processing-hopkins-engineers-design-software-to-reduce-page-load-time/#top
DEBUG:visited:https://www.cs.jhu.edu/2019/03/26/gopika-ajaykumar-giving-robots-a-new-perspective/#department-nav
DEBUG:visited:https://www.cs.jhu.edu/2019/03/26/gopika-ajaykumar-giving-robots-a-new-perspective/#top
DEBUG:visited:https://www.cs.jhu.edu/2019/03/08/eisner-acl-fellow/#department-nav
DEBUG:visited:https://www.cs.jhu.edu/2019/03/08/eisner-acl-fellow/#top
DEBUG:visited:https://www.cs.jhu.edu/news-events/news-articles#department-nav
DEBUG:visited:https://www.cs.jhu.edu/news-events/news-articles#top
DEBUG:visited:https://www.cs.jhu.edu/2019/04/08/cs-kelly-culotta-receives-2019-rookie-of-the-year-award/#department-nav
DEBUG:visited:https://www.cs.jhu.edu/2019/04/10/mosquito-guillotine-vaccine-malaria-wired/
DEBUG:visited:https://www.cs.jhu.edu/2019/04/08/cs-kelly-culotta-receives-2019-rookie-of-the-year-award/#top
DEBUG:visited:https://www.cs.jhu.edu/2019/03/19/xin-li-receives-nsf-career-award/#department-nav
DEBUG:visited:https://www.cs.jhu.edu/2019/03/13/backdoor-swiss-voting-motherboard/
DEBUG:visited:https://www.cs.jhu.edu/2019/03/19/xin-li-receives-nsf-career-award/#top
DEBUG:visited:https://www.cs.jhu.edu/calendar/action~oneday/exact_date~4-16-2019/#department-nav
DEBUG:visited:https://www.cs.jhu.edu/calendar/action~oneday/exact_date~1555387200/request_format~json/cat_ids~54/
DEBUG:visited:https://www.cs.jhu.edu/calendar/action~oneday/exact_date~1555387200/request_format~json/cat_ids~55/
DEBUG:visited:https://www.cs.jhu.edu/calendar/action~oneday/exact_date~1555387200/request_format~json/cat_ids~56/
DEBUG:visited:https://www.cs.jhu.edu/calendar/action~oneday/exact_date~1555387200/request_format~json/cat_ids~82/
DEBUG:visited:https://www.cs.jhu.edu/calendar/action~oneday/exact_date~1555387200/request_format~json/cat_ids~93/
DEBUG:visited:https://www.cs.jhu.edu/calendar/action~agenda/exact_date~1555387200/request_format~json/
DEBUG:visited:https://www.cs.jhu.edu/calendar/action~oneday/exact_date~1555387200/request_format~json/
DEBUG:visited:https://www.cs.jhu.edu/calendar/action~month/exact_date~1555387200/request_format~json/
DEBUG:visited:https://www.cs.jhu.edu/calendar/action~week/exact_date~1555387200/request_format~json/
DEBUG:visited:https://www.cs.jhu.edu/calendar/action~oneday/exact_date~1555300800/request_format~json/
DEBUG:visited:https://www.cs.jhu.edu/calendar/action~oneday/exact_date~1555473600/request_format~json/
DEBUG:visited:https://www.cs.jhu.edu/calendar/action~oneday/exact_date~4-16-2019/#top
DEBUG:visited:https://www.cs.jhu.edu/events/distinguished-lecturer-avrim-blum-tba/?instance_id=1875792#department-nav
DEBUG:visited:http://www.cs.jhu.edu/?plugin=all-in-one-event-calendar&controller=ai1ec_exporter_controller&action=export_events&ai1ec_post_ids=1952717
DEBUG:visited:http://www.cs.jhu.edu/?plugin=all-in-one-event-calendar&controller=ai1ec_exporter_controller&action=export_events&ai1ec_post_ids=1952717&no_html=true
DEBUG:visited:http://www.cs.jhu.edu/?plugin=all-in-one-event-calendar&controller=ai1ec_exporter_controller&action=export_events&ai1ec_post_ids=1952717&xml=true
DEBUG:visited:https://www.cs.jhu.edu/seminars/feed-timely.ics
WARNING:bs4.dammit:Some characters could not be decoded, and were replaced with REPLACEMENT CHARACTER.
DEBUG:visited:https://www.cs.jhu.edu/events/cs-seminar-stevie-n-chancellor-tbd/
DEBUG:visited:https://www.cs.jhu.edu/events/cs-seminar-ali-kamen-senior-director-ai-for-healthcare-siemens-corporate-research-tbd/
DEBUG:visited:https://www.cs.jhu.edu/events/distinguished-lecturer-avrim-blum-tba/?instance_id=1875792#top
DEBUG:visited:https://www.cs.jhu.edu/calendar/action~oneday/exact_date~4-18-2019/#department-nav
DEBUG:visited:https://www.cs.jhu.edu/calendar/action~oneday/exact_date~1555560000/request_format~json/cat_ids~54/
DEBUG:visited:https://www.cs.jhu.edu/calendar/action~oneday/exact_date~1555560000/request_format~json/cat_ids~55/
DEBUG:visited:https://www.cs.jhu.edu/calendar/action~oneday/exact_date~1555560000/request_format~json/cat_ids~56/
DEBUG:visited:https://www.cs.jhu.edu/calendar/action~oneday/exact_date~1555560000/request_format~json/cat_ids~82/
DEBUG:visited:https://www.cs.jhu.edu/calendar/action~oneday/exact_date~1555560000/request_format~json/cat_ids~93/
DEBUG:visited:https://www.cs.jhu.edu/calendar/action~agenda/exact_date~1555560000/request_format~json/
DEBUG:visited:https://www.cs.jhu.edu/calendar/action~oneday/exact_date~1555560000/request_format~json/
DEBUG:visited:https://www.cs.jhu.edu/calendar/action~month/exact_date~1555560000/request_format~json/
DEBUG:visited:https://www.cs.jhu.edu/calendar/action~week/exact_date~1555560000/request_format~json/
DEBUG:visited:https://www.cs.jhu.edu/calendar/action~oneday/exact_date~1555646400/request_format~json/
DEBUG:visited:https://www.cs.jhu.edu/calendar/action~oneday/exact_date~4-18-2019/#top
DEBUG:visited:https://www.cs.jhu.edu/events/cs-seminar-ke-li-uc-berkeley-nearest-neighbour-search-and-generative-modelling/?instance_id=1875830#department-nav
DEBUG:visited:http://www.cs.jhu.edu/?plugin=all-in-one-event-calendar&controller=ai1ec_exporter_controller&action=export_events&ai1ec_post_ids=1953390
DEBUG:visited:http://www.cs.jhu.edu/?plugin=all-in-one-event-calendar&controller=ai1ec_exporter_controller&action=export_events&ai1ec_post_ids=1953390&no_html=true
DEBUG:visited:http://www.cs.jhu.edu/?plugin=all-in-one-event-calendar&controller=ai1ec_exporter_controller&action=export_events&ai1ec_post_ids=1953390&xml=true
DEBUG:visited:https://www.cs.jhu.edu/events/computer-science-student-defense-kunal-lillaney-johns-hopkins-university-building-hierarchical-storage-services-in-the-cloud/
DEBUG:visited:https://www.cs.jhu.edu/events/cs-seminar-ke-li-uc-berkeley-nearest-neighbour-search-and-generative-modelling/?instance_id=1875830#top
DEBUG:visited:http://www.cs.jhu.edu/~zhengda/
DEBUG:visited:http://www.cs.jhu.edu/~klevin/
DEBUG:visited:https://www.cs.jhu.edu/cssemvids/player.php?v=20170420-Taylor
DEBUG:visited:http://www.cs.jhu.edu/~mdredze/
DEBUG:visited:https://www.cs.jhu.edu/cssemvids/player.php?v=20180426-Dean
DEBUG:visited:https://www.cs.jhu.edu/~andong/
DEBUG:visited:http://www.cs.jhu.edu/~fpradan1/publications
DEBUG:visited:https://www.cs.jhu.edu/cssemvids/player.php?v=20181025-Moseley
DEBUG:visited:https://www.cs.jhu.edu/cssemvids/player.php?v=20181127-Marques
DEBUG:visited:https://www.cs.jhu.edu/cssemvids/player.php?v=20190212-Redmiles
DEBUG:visited:https://www.cs.jhu.edu/cssemvids/player.php?v=20190214-Chance
DEBUG:visited:https://www.cs.jhu.edu/~prastog3/
DEBUG:visited:http://www.cs.jhu.edu/cssemvids/player.php?v=20170425-Dredze
DEBUG:visited:http://www.cs.jhu.edu/~stephenh/index.php/bio/
DEBUG:visited:http://www.cs.jhu.edu/~npeng/
DEBUG:visited:http://www.cs.jhu.edu/~cgarman/
DEBUG:visited:https://www.cs.jhu.edu/cssemvids/player.php?v=20180227-Bianchi
DEBUG:visited:https://www.cs.jhu.edu/cssemvids/player.php?v=20180306-Cao
DEBUG:visited:https://www.cs.jhu.edu/cssemvids/player.php?v=20180322-He
DEBUG:visited:https://www.cs.jhu.edu/cssemvids/player.php?v=20180329-Shulz
DEBUG:visited:https://www.cs.jhu.edu/cssemvids/player.php?v=20180419-Yue
DEBUG:visited:https://www.cs.jhu.edu/cssemvids/player.php?v=20180503-Fu
DEBUG:visited:https://www.cs.jhu.edu/cssemvids/player.php?v=20180925-Kumar
DEBUG:visited:https://www.cs.jhu.edu/cssemvids/player.php?v=20190221-Sedoc
DEBUG:visited:http://www.cs.jhu.edu/ACL2014/home.htm
DEBUG:visited:http://www.cs.jhu.edu/ACL2014/CallforPapers.htm#NavigationMenu_SkipLink
DEBUG:visited:http://www.cs.jhu.edu/ACL2014/Program.htm
DEBUG:visited:http://www.cs.jhu.edu/ACL2014/Workshops.htm
DEBUG:visited:http://www.cs.jhu.edu/ACL2014/Tutorials.htm
DEBUG:visited:http://www.cs.jhu.edu/ACL2014/CallforDemos.htm
DEBUG:visited:http://www.cs.jhu.edu/ACL2014/Venue.htm
DEBUG:visited:http://www.cs.jhu.edu/ACL2014/Accommodation.htm
DEBUG:visited:http://www.cs.jhu.edu/ACL2014/Registration.htm
DEBUG:visited:http://www.cs.jhu.edu/ACL2014/SocialEvents.htm
DEBUG:visited:http://www.cs.jhu.edu/ACL2014/Volunteers.htm
DEBUG:visited:http://www.cs.jhu.edu/ACL2014/Travel.htm
DEBUG:visited:http://www.cs.jhu.edu/ACL2014/HostInstitution.htm
DEBUG:visited:http://www.cs.jhu.edu/ACL2014/Committees.htm
DEBUG:visited:http://www.cs.jhu.edu/ACL2014/
DEBUG:visited:http://www.cs.jhu.edu/ACL2014/acl2014.tex
DEBUG:visited:http://www.cs.jhu.edu/ACL2014/acl2014.dot
WARNING:bs4.dammit:Some characters could not be decoded, and were replaced with REPLACEMENT CHARACTER.
DEBUG:visited:http://www.cs.jhu.edu/ACL2014/acl2014.sty
DEBUG:visited:http://www.cs.jhu.edu/ACL2014/acl2014.pdf
WARNING:bs4.dammit:Some characters could not be decoded, and were replaced with REPLACEMENT CHARACTER.
DEBUG:visited:http://www.cs.jhu.edu/ACL2014/acl.bst
DEBUG:visited:http://www.cs.jhu.edu/ACL2014/multiple_submission.htm
DEBUG:visited:http://www.cs.jhu.edu/~vandurme/#content
DEBUG:visited:http://www.cs.jhu.edu/~vandurme/index.html
DEBUG:visited:http://www.cs.jhu.edu/~vandurme/publications.html
DEBUG:visited:http://www.cs.jhu.edu/~vandurme/collaborators.html
DEBUG:visited:http://www.cs.jhu.edu/~vandurme/cv.html
DEBUG:visited:http://www.cs.jhu.edu/~vandurme/assets/img/vandurme-profile.jpg
WARNING:bs4.dammit:Some characters could not be decoded, and were replaced with REPLACEMENT CHARACTER.
DEBUG:visited:http://www.cs.jhu.edu/~svitlana/docs/Volkova_CV_07.2018.pdf
WARNING:bs4.dammit:Some characters could not be decoded, and were replaced with REPLACEMENT CHARACTER.
DEBUG:visited:http://www.cs.jhu.edu/~svitlana/papers/SABV_ICWSM17.pdf
WARNING:bs4.dammit:Some characters could not be decoded, and were replaced with REPLACEMENT CHARACTER.
DEBUG:visited:http://www.cs.jhu.edu/~svitlana/papers/VCAV_SocInfo2016.pdf
WARNING:bs4.dammit:Some characters could not be decoded, and were replaced with REPLACEMENT CHARACTER.
DEBUG:visited:http://www.cs.jhu.edu/~svitlana/papers/VB_ACL16.pdf
WARNING:bs4.dammit:Some characters could not be decoded, and were replaced with REPLACEMENT CHARACTER.
DEBUG:visited:http://www.cs.jhu.edu/~svitlana/demographics.html
DEBUG:visited:http://www.cs.jhu.edu/~svitlana/interests.html
DEBUG:visited:http://www.cs.jhu.edu/~svitlana/rationales.html
DEBUG:visited:http://www.cs.jhu.edu/~svitlana/papers/VCV-acl2014.pdf
WARNING:bs4.dammit:Some characters could not be decoded, and were replaced with REPLACEMENT CHARACTER.
DEBUG:visited:http://www.cs.jhu.edu/~svitlana/papers/VV-aaai15.pdf
WARNING:bs4.dammit:Some characters could not be decoded, and were replaced with REPLACEMENT CHARACTER.
DEBUG:visited:http://www.cs.jhu.edu/~svitlana/papers/VY-NIPSPersonalization14.pdf
WARNING:bs4.dammit:Some characters could not be decoded, and were replaced with REPLACEMENT CHARACTER.
DEBUG:visited:http://www.cs.jhu.edu/~svitlana/papers/VB-preprint-cyberpsych15.pdf
WARNING:bs4.dammit:Some characters could not be decoded, and were replaced with REPLACEMENT CHARACTER.
DEBUG:visited:http://www.cs.jhu.edu/~svitlana/papers/VBV_IEEEBigData16.pdf
WARNING:bs4.dammit:Some characters could not be decoded, and were replaced with REPLACEMENT CHARACTER.
DEBUG:visited:http://www.cs.jhu.edu/~svitlana/docs/Volkova_Dissertation_FinalpdfA.pdf
WARNING:bs4.dammit:Some characters could not be decoded, and were replaced with REPLACEMENT CHARACTER.
DEBUG:visited:http://www.cs.jhu.edu/~svitlana/docs/DefenseSlides_Oct_01_2015.pptx
WARNING:bs4.dammit:Some characters could not be decoded, and were replaced with REPLACEMENT CHARACTER.
DEBUG:visited:http://www.cs.jhu.edu/~svitlana/slides.pptx
WARNING:bs4.dammit:Some characters could not be decoded, and were replaced with REPLACEMENT CHARACTER.
DEBUG:visited:http://www.cs.jhu.edu/~svitlana/references.pdf
WARNING:bs4.dammit:Some characters could not be decoded, and were replaced with REPLACEMENT CHARACTER.
DEBUG:visited:http://www.cs.jhu.edu/~svitlana/Research_License_Agreement.txt
DEBUG:visited:http://www.cs.jhu.edu/~svitlana/slides/Predictive_Anticipatory_Analytics_CLSAC.pptx
WARNING:bs4.dammit:Some characters could not be decoded, and were replaced with REPLACEMENT CHARACTER.
DEBUG:visited:http://www.cs.jhu.edu/~svitlana/slides/Deception_TAD.pptx
WARNING:bs4.dammit:Some characters could not be decoded, and were replaced with REPLACEMENT CHARACTER.
DEBUG:visited:http://www.cs.jhu.edu/~svitlana/slides/PredictingTheFutureTalkNLPCSS.pdf
WARNING:bs4.dammit:Some characters could not be decoded, and were replaced with REPLACEMENT CHARACTER.
DEBUG:visited:http://www.cs.jhu.edu/~svitlana/slides/PredictingTheFutureTalk.pptx
WARNING:bs4.dammit:Some characters could not be decoded, and were replaced with REPLACEMENT CHARACTER.
DEBUG:visited:http://www.cs.jhu.edu/~svitlana/papers/VHC_SocInfo16.pdf
WARNING:bs4.dammit:Some characters could not be decoded, and were replaced with REPLACEMENT CHARACTER.
DEBUG:visited:http://www.cs.jhu.edu/~svitlana/papers/V_GHC.pdf
WARNING:bs4.dammit:Some characters could not be decoded, and were replaced with REPLACEMENT CHARACTER.
DEBUG:visited:http://www.cs.jhu.edu/~svitlana/papers/VB-NAACL16-WS.pdf
WARNING:bs4.dammit:Some characters could not be decoded, and were replaced with REPLACEMENT CHARACTER.
DEBUG:visited:http://www.cs.jhu.edu/~svitlana/posters/UPennCLunch.pptx
WARNING:bs4.dammit:Some characters could not be decoded, and were replaced with REPLACEMENT CHARACTER.
DEBUG:visited:http://www.cs.jhu.edu/~svitlana/posters/ActiveLearningPoster.pdf
WARNING:bs4.dammit:Some characters could not be decoded, and were replaced with REPLACEMENT CHARACTER.
DEBUG:visited:http://www.cs.jhu.edu/~svitlana/papers/GWV_ASONAM2018
WARNING:bs4.dammit:Some characters could not be decoded, and were replaced with REPLACEMENT CHARACTER.
DEBUG:visited:http://www.cs.jhu.edu/~svitlana/slides/ASONAM18_slides.pptx
WARNING:bs4.dammit:Some characters could not be decoded, and were replaced with REPLACEMENT CHARACTER.
DEBUG:visited:http://www.cs.jhu.edu/~svitlana/papers/RRRGVG_COLING2018
WARNING:bs4.dammit:Some characters could not be decoded, and were replaced with REPLACEMENT CHARACTER.
DEBUG:visited:http://www.cs.jhu.edu/~svitlana/papers/GWV_ACL2018.pdf
WARNING:bs4.dammit:Some characters could not be decoded, and were replaced with REPLACEMENT CHARACTER.
DEBUG:visited:http://www.cs.jhu.edu/~svitlana/posters/ACL2018_poster.pdf
WARNING:bs4.dammit:Some characters could not be decoded, and were replaced with REPLACEMENT CHARACTER.
DEBUG:visited:http://www.cs.jhu.edu/~svitlana/papers/ICWSM2018.pdf
WARNING:bs4.dammit:Some characters could not be decoded, and were replaced with REPLACEMENT CHARACTER.
DEBUG:visited:http://www.cs.jhu.edu/~svitlana/papers/VRP_NAACL2018.pdf
WARNING:bs4.dammit:Some characters could not be decoded, and were replaced with REPLACEMENT CHARACTER.
DEBUG:visited:http://www.cs.jhu.edu/~svitlana/posters/NAACL2018.pptx
WARNING:bs4.dammit:Some characters could not be decoded, and were replaced with REPLACEMENT CHARACTER.
DEBUG:visited:http://www.cs.jhu.edu/~svitlana/slides/WWW2018.pptx
WARNING:bs4.dammit:Some characters could not be decoded, and were replaced with REPLACEMENT CHARACTER.
DEBUG:visited:http://www.cs.jhu.edu/~svitlana/posters/nwnlp_katie.pdf
WARNING:bs4.dammit:Some characters could not be decoded, and were replaced with REPLACEMENT CHARACTER.
DEBUG:visited:http://www.cs.jhu.edu/~svitlana/posters/nwnlp_katie_poster.pdf
WARNING:bs4.dammit:Some characters could not be decoded, and were replaced with REPLACEMENT CHARACTER.
DEBUG:visited:http://www.cs.jhu.edu/~svitlana/posters/nwnlp_suraj.pdf
WARNING:bs4.dammit:Some characters could not be decoded, and were replaced with REPLACEMENT CHARACTER.
DEBUG:visited:http://www.cs.jhu.edu/~svitlana/posters/nwnlp_suraj_poster.pdf
WARNING:bs4.dammit:Some characters could not be decoded, and were replaced with REPLACEMENT CHARACTER.
DEBUG:visited:http://www.cs.jhu.edu/~svitlana/posters/nwnlp_ellyn.pdf
WARNING:bs4.dammit:Some characters could not be decoded, and were replaced with REPLACEMENT CHARACTER.
DEBUG:visited:http://www.cs.jhu.edu/~svitlana/posters/nwnlp_ellyn_poster.pdf
WARNING:bs4.dammit:Some characters could not be decoded, and were replaced with REPLACEMENT CHARACTER.
DEBUG:visited:http://www.cs.jhu.edu/~svitlana/papers/AGV_AAAI18_Demo.pdf
WARNING:bs4.dammit:Some characters could not be decoded, and were replaced with REPLACEMENT CHARACTER.
DEBUG:visited:http://www.cs.jhu.edu/~svitlana/posters/AAAI18_CHISSL.pptx
WARNING:bs4.dammit:Some characters could not be decoded, and were replaced with REPLACEMENT CHARACTER.
DEBUG:visited:http://www.cs.jhu.edu/~svitlana/posters/wiml17_Katie.pdf
WARNING:bs4.dammit:Some characters could not be decoded, and were replaced with REPLACEMENT CHARACTER.
DEBUG:visited:http://www.cs.jhu.edu/~svitlana/posters/Katie_WIML_poster.pptx
WARNING:bs4.dammit:Some characters could not be decoded, and were replaced with REPLACEMENT CHARACTER.
DEBUG:visited:http://www.cs.jhu.edu/~svitlana/posters/wiml17_Emily.pdf
WARNING:bs4.dammit:Some characters could not be decoded, and were replaced with REPLACEMENT CHARACTER.
DEBUG:visited:http://www.cs.jhu.edu/~svitlana/posters/Emily_WIML_poster.pptx
WARNING:bs4.dammit:Some characters could not be decoded, and were replaced with REPLACEMENT CHARACTER.
DEBUG:visited:http://www.cs.jhu.edu/~svitlana/posters/wiml17_Maria.pdf
WARNING:bs4.dammit:Some characters could not be decoded, and were replaced with REPLACEMENT CHARACTER.
DEBUG:visited:http://www.cs.jhu.edu/~svitlana/posters/Maria_WIML_poster.pptx
WARNING:bs4.dammit:Some characters could not be decoded, and were replaced with REPLACEMENT CHARACTER.
DEBUG:visited:http://www.cs.jhu.edu/~svitlana/posters/wiml17_Ellyn.pdf
WARNING:bs4.dammit:Some characters could not be decoded, and were replaced with REPLACEMENT CHARACTER.
DEBUG:visited:http://www.cs.jhu.edu/~svitlana/posters/Ellyn_WIML_poster.pptx
WARNING:bs4.dammit:Some characters could not be decoded, and were replaced with REPLACEMENT CHARACTER.
DEBUG:visited:http://www.cs.jhu.edu/~svitlana/papers/RCYVC_EMNLP2017.pdf
WARNING:bs4.dammit:Some characters could not be decoded, and were replaced with REPLACEMENT CHARACTER.
DEBUG:visited:http://www.cs.jhu.edu/~svitlana/papers/PSAHV_RepLearn2017.pdf
WARNING:bs4.dammit:Some characters could not be decoded, and were replaced with REPLACEMENT CHARACTER.
DEBUG:visited:http://www.cs.jhu.edu/~svitlana/posters/ReprLearnPoster.pdf
WARNING:bs4.dammit:Some characters could not be decoded, and were replaced with REPLACEMENT CHARACTER.
DEBUG:visited:http://www.cs.jhu.edu/~svitlana/papers/AV_ACL2017.pdf
WARNING:bs4.dammit:Some characters could not be decoded, and were replaced with REPLACEMENT CHARACTER.
DEBUG:visited:http://www.cs.jhu.edu/~svitlana/posters/EsteemPoster.pdf 
WARNING:bs4.dammit:Some characters could not be decoded, and were replaced with REPLACEMENT CHARACTER.
DEBUG:visited:http://www.cs.jhu.edu/~svitlana/papers/VSYH_ACL2017.pdf
WARNING:bs4.dammit:Some characters could not be decoded, and were replaced with REPLACEMENT CHARACTER.
DEBUG:visited:http://www.cs.jhu.edu/~svitlana/data/fakenews_dataset.zip
WARNING:bs4.dammit:Some characters could not be decoded, and were replaced with REPLACEMENT CHARACTER.
DEBUG:visited:http://www.cs.jhu.edu/~svitlana/data/SuspiciousNewsAccountList.tsv
DEBUG:visited:http://www.cs.jhu.edu/~svitlana/data/VerifiedNewsAccountList.tsv
DEBUG:visited:http://www.cs.jhu.edu/~svitlana/posters/FakeNewsPoster.pdf
WARNING:bs4.dammit:Some characters could not be decoded, and were replaced with REPLACEMENT CHARACTER.
DEBUG:visited:http://www.cs.jhu.edu/~svitlana/papers/RBCV_ACL2017.pdf
WARNING:bs4.dammit:Some characters could not be decoded, and were replaced with REPLACEMENT CHARACTER.
DEBUG:visited:http://www.cs.jhu.edu/~svitlana/posters/MultiConnPoster.pdf
WARNING:bs4.dammit:Some characters could not be decoded, and were replaced with REPLACEMENT CHARACTER.
DEBUG:visited:http://www.cs.jhu.edu/~svitlana/papers/VB_ICWSM2017.pdf
WARNING:bs4.dammit:Some characters could not be decoded, and were replaced with REPLACEMENT CHARACTER.
DEBUG:visited:http://www.cs.jhu.edu/~svitlana/slides/ICWSM2017.pptx
WARNING:bs4.dammit:Some characters could not be decoded, and were replaced with REPLACEMENT CHARACTER.
DEBUG:visited:http://www.cs.jhu.edu/~svitlana/slides/ICWSM2017_VKposter.pptx
WARNING:bs4.dammit:Some characters could not be decoded, and were replaced with REPLACEMENT CHARACTER.
DEBUG:visited:http://www.cs.jhu.edu/~svitlana/papers/PHV_17.pdf
WARNING:bs4.dammit:Some characters could not be decoded, and were replaced with REPLACEMENT CHARACTER.
DEBUG:visited:http://www.cs.jhu.edu/~svitlana/posters/EllynWiMLAbstract.pdf
WARNING:bs4.dammit:Some characters could not be decoded, and were replaced with REPLACEMENT CHARACTER.
DEBUG:visited:http://www.cs.jhu.edu/~svitlana/posters/EllynWiMLPoster.pdf
WARNING:bs4.dammit:Some characters could not be decoded, and were replaced with REPLACEMENT CHARACTER.
DEBUG:visited:http://www.cs.jhu.edu/~svitlana/posters/HannahWiMLAbstract.pdf
WARNING:bs4.dammit:Some characters could not be decoded, and were replaced with REPLACEMENT CHARACTER.
DEBUG:visited:http://www.cs.jhu.edu/~svitlana/posters/HannahWiMLPoster.pdf
WARNING:bs4.dammit:Some characters could not be decoded, and were replaced with REPLACEMENT CHARACTER.
DEBUG:visited:http://www.cs.jhu.edu/~svitlana/data/ru_ua_emo_models_data.zip
WARNING:bs4.dammit:Some characters could not be decoded, and were replaced with REPLACEMENT CHARACTER.
DEBUG:visited:http://www.cs.jhu.edu/~svitlana/data/annotated-data-emotions.zip 
WARNING:bs4.dammit:Some characters could not be decoded, and were replaced with REPLACEMENT CHARACTER.
DEBUG:visited:http://www.cs.jhu.edu/~svitlana/data/annotated-data-demographics.zip 
WARNING:bs4.dammit:Some characters could not be decoded, and were replaced with REPLACEMENT CHARACTER.
DEBUG:visited:http://www.cs.jhu.edu/~svitlana/data/software-psycho-demographics.zip
WARNING:bs4.dammit:Some characters could not be decoded, and were replaced with REPLACEMENT CHARACTER.
DEBUG:visited:http://www.cs.jhu.edu/~svitlana/slides/ACL2016.pptx
WARNING:bs4.dammit:Some characters could not be decoded, and were replaced with REPLACEMENT CHARACTER.
DEBUG:visited:http://www.cs.jhu.edu/~svitlana/papers/naacl16-ws.bib
DEBUG:visited:http://www.cs.jhu.edu/~svitlana/slides/RuNetNAACL16_Talk.pptx
WARNING:bs4.dammit:Some characters could not be decoded, and were replaced with REPLACEMENT CHARACTER.
DEBUG:visited:http://www.cs.jhu.edu/~svitlana/papers/HVC-CHI16.pdf
WARNING:bs4.dammit:Some characters could not be decoded, and were replaced with REPLACEMENT CHARACTER.
DEBUG:visited:http://www.cs.jhu.edu/~svitlana/papers/chi16.bib
DEBUG:visited:http://www.cs.jhu.edu/~svitlana/papers/ieee16.bib
DEBUG:visited:http://www.cs.jhu.edu/~svitlana/posters/IEEEInterestTalk16.pdf
WARNING:bs4.dammit:Some characters could not be decoded, and were replaced with REPLACEMENT CHARACTER.
DEBUG:visited:http://www.cs.jhu.edu/~svitlana/papers/PDVSPHCC-w3phi.pdf
WARNING:bs4.dammit:Some characters could not be decoded, and were replaced with REPLACEMENT CHARACTER.
DEBUG:visited:http://www.cs.jhu.edu/~svitlana/papers/aaai16-ws.bib
DEBUG:visited:http://www.cs.jhu.edu/~svitlana/papers/cyber15.bib
DEBUG:visited:http://www.cs.jhu.edu/~svitlana/papers/plos15.bib
DEBUG:visited:http://www.cs.jhu.edu/~svitlana/papers/GBV-DSSA.pdf
WARNING:bs4.dammit:Some characters could not be decoded, and were replaced with REPLACEMENT CHARACTER.
DEBUG:visited:http://www.cs.jhu.edu/~svitlana/papers/aaai15.bib
DEBUG:visited:http://www.cs.jhu.edu/~svitlana/posters/AAAITalk.pptx
WARNING:bs4.dammit:Some characters could not be decoded, and were replaced with REPLACEMENT CHARACTER.
DEBUG:visited:http://www.cs.jhu.edu/~svitlana/papers/VBAS-aaai15-demo.pdf
WARNING:bs4.dammit:Some characters could not be decoded, and were replaced with REPLACEMENT CHARACTER.
DEBUG:visited:http://www.cs.jhu.edu/~svitlana/papers/aaai15-demo.bib
DEBUG:visited:http://www.cs.jhu.edu/~svitlana/posters/ACL2014Talk.pptx
WARNING:bs4.dammit:Some characters could not be decoded, and were replaced with REPLACEMENT CHARACTER.
DEBUG:visited:http://www.cs.jhu.edu/~svitlana/data/data_collection.pdf
WARNING:bs4.dammit:Some characters could not be decoded, and were replaced with REPLACEMENT CHARACTER.
DEBUG:visited:http://www.cs.jhu.edu/~svitlana/data/graph_gender_age.tar.gz
WARNING:bs4.dammit:Some characters could not be decoded, and were replaced with REPLACEMENT CHARACTER.
